   1              		.syntax unified
   2              		.cpu cortex-m4
   3              		.eabi_attribute 27, 3
   4              		.fpu fpv4-sp-d16
   5              		.eabi_attribute 20, 1
   6              		.eabi_attribute 21, 1
   7              		.eabi_attribute 23, 3
   8              		.eabi_attribute 24, 1
   9              		.eabi_attribute 25, 1
  10              		.eabi_attribute 26, 1
  11              		.eabi_attribute 30, 6
  12              		.eabi_attribute 34, 1
  13              		.eabi_attribute 18, 4
  14              		.thumb
  15              		.file	"stm32f4xx_exti.c"
  16              		.text
  17              	.Ltext0:
  18              		.cfi_sections	.debug_frame
  19              		.section	.text.EXTI_DeInit,"ax",%progbits
  20              		.align	2
  21              		.global	EXTI_DeInit
  22              		.thumb
  23              		.thumb_func
  25              	EXTI_DeInit:
  26              	.LFB110:
  27              		.file 1 "lib/chip/STM32F4xx_StdPeriph_Driver/src/stm32f4xx_exti.c"
   1:lib/chip/STM32F4xx_StdPeriph_Driver/src/stm32f4xx_exti.c **** /**
   2:lib/chip/STM32F4xx_StdPeriph_Driver/src/stm32f4xx_exti.c ****   ******************************************************************************
   3:lib/chip/STM32F4xx_StdPeriph_Driver/src/stm32f4xx_exti.c ****   * @file    stm32f4xx_exti.c
   4:lib/chip/STM32F4xx_StdPeriph_Driver/src/stm32f4xx_exti.c ****   * @author  MCD Application Team
   5:lib/chip/STM32F4xx_StdPeriph_Driver/src/stm32f4xx_exti.c ****   * @version V1.0.0
   6:lib/chip/STM32F4xx_StdPeriph_Driver/src/stm32f4xx_exti.c ****   * @date    30-September-2011
   7:lib/chip/STM32F4xx_StdPeriph_Driver/src/stm32f4xx_exti.c ****   * @brief   This file provides firmware functions to manage the following 
   8:lib/chip/STM32F4xx_StdPeriph_Driver/src/stm32f4xx_exti.c ****   *          functionalities of the EXTI peripheral:           
   9:lib/chip/STM32F4xx_StdPeriph_Driver/src/stm32f4xx_exti.c ****   *           - Initialization and Configuration
  10:lib/chip/STM32F4xx_StdPeriph_Driver/src/stm32f4xx_exti.c ****   *           - Interrupts and flags management
  11:lib/chip/STM32F4xx_StdPeriph_Driver/src/stm32f4xx_exti.c ****   *
  12:lib/chip/STM32F4xx_StdPeriph_Driver/src/stm32f4xx_exti.c ****   *  @verbatim  
  13:lib/chip/STM32F4xx_StdPeriph_Driver/src/stm32f4xx_exti.c ****   *  
  14:lib/chip/STM32F4xx_StdPeriph_Driver/src/stm32f4xx_exti.c ****   *          ===================================================================
  15:lib/chip/STM32F4xx_StdPeriph_Driver/src/stm32f4xx_exti.c ****   *                                     EXTI features
  16:lib/chip/STM32F4xx_StdPeriph_Driver/src/stm32f4xx_exti.c ****   *          ===================================================================
  17:lib/chip/STM32F4xx_StdPeriph_Driver/src/stm32f4xx_exti.c ****   *    
  18:lib/chip/STM32F4xx_StdPeriph_Driver/src/stm32f4xx_exti.c ****   *          External interrupt/event lines are mapped as following:
  19:lib/chip/STM32F4xx_StdPeriph_Driver/src/stm32f4xx_exti.c ****   *            1- All available GPIO pins are connected to the 16 external 
  20:lib/chip/STM32F4xx_StdPeriph_Driver/src/stm32f4xx_exti.c ****   *               interrupt/event lines from EXTI0 to EXTI15.
  21:lib/chip/STM32F4xx_StdPeriph_Driver/src/stm32f4xx_exti.c ****   *            2- EXTI line 16 is connected to the PVD Output
  22:lib/chip/STM32F4xx_StdPeriph_Driver/src/stm32f4xx_exti.c ****   *            3- EXTI line 17 is connected to the RTC Alarm event
  23:lib/chip/STM32F4xx_StdPeriph_Driver/src/stm32f4xx_exti.c ****   *            4- EXTI line 18 is connected to the USB OTG FS Wakeup from suspend event            
  24:lib/chip/STM32F4xx_StdPeriph_Driver/src/stm32f4xx_exti.c ****   *            5- EXTI line 19 is connected to the Ethernet Wakeup event
  25:lib/chip/STM32F4xx_StdPeriph_Driver/src/stm32f4xx_exti.c ****   *            6- EXTI line 20 is connected to the USB OTG HS (configured in FS) Wakeup event 
  26:lib/chip/STM32F4xx_StdPeriph_Driver/src/stm32f4xx_exti.c ****   *            7- EXTI line 21 is connected to the RTC Tamper and Time Stamp events                
  27:lib/chip/STM32F4xx_StdPeriph_Driver/src/stm32f4xx_exti.c ****   *            8- EXTI line 22 is connected to the RTC Wakeup event
  28:lib/chip/STM32F4xx_StdPeriph_Driver/src/stm32f4xx_exti.c ****   *        
  29:lib/chip/STM32F4xx_StdPeriph_Driver/src/stm32f4xx_exti.c ****   *          ===================================================================
  30:lib/chip/STM32F4xx_StdPeriph_Driver/src/stm32f4xx_exti.c ****   *                                 How to use this driver
  31:lib/chip/STM32F4xx_StdPeriph_Driver/src/stm32f4xx_exti.c ****   *          ===================================================================  
  32:lib/chip/STM32F4xx_StdPeriph_Driver/src/stm32f4xx_exti.c ****   *              
  33:lib/chip/STM32F4xx_StdPeriph_Driver/src/stm32f4xx_exti.c ****   *          In order to use an I/O pin as an external interrupt source, follow
  34:lib/chip/STM32F4xx_StdPeriph_Driver/src/stm32f4xx_exti.c ****   *          steps below:
  35:lib/chip/STM32F4xx_StdPeriph_Driver/src/stm32f4xx_exti.c ****   *            1- Configure the I/O in input mode using GPIO_Init()
  36:lib/chip/STM32F4xx_StdPeriph_Driver/src/stm32f4xx_exti.c ****   *            2- Select the input source pin for the EXTI line using SYSCFG_EXTILineConfig()
  37:lib/chip/STM32F4xx_StdPeriph_Driver/src/stm32f4xx_exti.c ****   *            3- Select the mode(interrupt, event) and configure the trigger 
  38:lib/chip/STM32F4xx_StdPeriph_Driver/src/stm32f4xx_exti.c ****   *               selection (Rising, falling or both) using EXTI_Init()
  39:lib/chip/STM32F4xx_StdPeriph_Driver/src/stm32f4xx_exti.c ****   *            4- Configure NVIC IRQ channel mapped to the EXTI line using NVIC_Init()
  40:lib/chip/STM32F4xx_StdPeriph_Driver/src/stm32f4xx_exti.c ****   *   
  41:lib/chip/STM32F4xx_StdPeriph_Driver/src/stm32f4xx_exti.c ****   *  @note  SYSCFG APB clock must be enabled to get write access to SYSCFG_EXTICRx
  42:lib/chip/STM32F4xx_StdPeriph_Driver/src/stm32f4xx_exti.c ****   *         registers using RCC_APB2PeriphClockCmd(RCC_APB2Periph_SYSCFG, ENABLE);
  43:lib/chip/STM32F4xx_StdPeriph_Driver/src/stm32f4xx_exti.c ****   *          
  44:lib/chip/STM32F4xx_StdPeriph_Driver/src/stm32f4xx_exti.c ****   *  @endverbatim                  
  45:lib/chip/STM32F4xx_StdPeriph_Driver/src/stm32f4xx_exti.c ****   *
  46:lib/chip/STM32F4xx_StdPeriph_Driver/src/stm32f4xx_exti.c ****   ******************************************************************************
  47:lib/chip/STM32F4xx_StdPeriph_Driver/src/stm32f4xx_exti.c ****   * @attention
  48:lib/chip/STM32F4xx_StdPeriph_Driver/src/stm32f4xx_exti.c ****   *
  49:lib/chip/STM32F4xx_StdPeriph_Driver/src/stm32f4xx_exti.c ****   * THE PRESENT FIRMWARE WHICH IS FOR GUIDANCE ONLY AIMS AT PROVIDING CUSTOMERS
  50:lib/chip/STM32F4xx_StdPeriph_Driver/src/stm32f4xx_exti.c ****   * WITH CODING INFORMATION REGARDING THEIR PRODUCTS IN ORDER FOR THEM TO SAVE
  51:lib/chip/STM32F4xx_StdPeriph_Driver/src/stm32f4xx_exti.c ****   * TIME. AS A RESULT, STMICROELECTRONICS SHALL NOT BE HELD LIABLE FOR ANY
  52:lib/chip/STM32F4xx_StdPeriph_Driver/src/stm32f4xx_exti.c ****   * DIRECT, INDIRECT OR CONSEQUENTIAL DAMAGES WITH RESPECT TO ANY CLAIMS ARISING
  53:lib/chip/STM32F4xx_StdPeriph_Driver/src/stm32f4xx_exti.c ****   * FROM THE CONTENT OF SUCH FIRMWARE AND/OR THE USE MADE BY CUSTOMERS OF THE
  54:lib/chip/STM32F4xx_StdPeriph_Driver/src/stm32f4xx_exti.c ****   * CODING INFORMATION CONTAINED HEREIN IN CONNECTION WITH THEIR PRODUCTS.
  55:lib/chip/STM32F4xx_StdPeriph_Driver/src/stm32f4xx_exti.c ****   *
  56:lib/chip/STM32F4xx_StdPeriph_Driver/src/stm32f4xx_exti.c ****   * <h2><center>&copy; COPYRIGHT 2011 STMicroelectronics</center></h2>
  57:lib/chip/STM32F4xx_StdPeriph_Driver/src/stm32f4xx_exti.c ****   ******************************************************************************
  58:lib/chip/STM32F4xx_StdPeriph_Driver/src/stm32f4xx_exti.c ****   */
  59:lib/chip/STM32F4xx_StdPeriph_Driver/src/stm32f4xx_exti.c **** 
  60:lib/chip/STM32F4xx_StdPeriph_Driver/src/stm32f4xx_exti.c **** /* Includes ------------------------------------------------------------------*/
  61:lib/chip/STM32F4xx_StdPeriph_Driver/src/stm32f4xx_exti.c **** #include "stm32f4xx_exti.h"
  62:lib/chip/STM32F4xx_StdPeriph_Driver/src/stm32f4xx_exti.c **** 
  63:lib/chip/STM32F4xx_StdPeriph_Driver/src/stm32f4xx_exti.c **** /** @addtogroup STM32F4xx_StdPeriph_Driver
  64:lib/chip/STM32F4xx_StdPeriph_Driver/src/stm32f4xx_exti.c ****   * @{
  65:lib/chip/STM32F4xx_StdPeriph_Driver/src/stm32f4xx_exti.c ****   */
  66:lib/chip/STM32F4xx_StdPeriph_Driver/src/stm32f4xx_exti.c **** 
  67:lib/chip/STM32F4xx_StdPeriph_Driver/src/stm32f4xx_exti.c **** /** @defgroup EXTI 
  68:lib/chip/STM32F4xx_StdPeriph_Driver/src/stm32f4xx_exti.c ****   * @brief EXTI driver modules
  69:lib/chip/STM32F4xx_StdPeriph_Driver/src/stm32f4xx_exti.c ****   * @{
  70:lib/chip/STM32F4xx_StdPeriph_Driver/src/stm32f4xx_exti.c ****   */
  71:lib/chip/STM32F4xx_StdPeriph_Driver/src/stm32f4xx_exti.c **** 
  72:lib/chip/STM32F4xx_StdPeriph_Driver/src/stm32f4xx_exti.c **** /* Private typedef -----------------------------------------------------------*/
  73:lib/chip/STM32F4xx_StdPeriph_Driver/src/stm32f4xx_exti.c **** /* Private define ------------------------------------------------------------*/
  74:lib/chip/STM32F4xx_StdPeriph_Driver/src/stm32f4xx_exti.c **** 
  75:lib/chip/STM32F4xx_StdPeriph_Driver/src/stm32f4xx_exti.c **** #define EXTI_LINENONE    ((uint32_t)0x00000)  /* No interrupt selected */
  76:lib/chip/STM32F4xx_StdPeriph_Driver/src/stm32f4xx_exti.c **** 
  77:lib/chip/STM32F4xx_StdPeriph_Driver/src/stm32f4xx_exti.c **** /* Private macro -------------------------------------------------------------*/
  78:lib/chip/STM32F4xx_StdPeriph_Driver/src/stm32f4xx_exti.c **** /* Private variables ---------------------------------------------------------*/
  79:lib/chip/STM32F4xx_StdPeriph_Driver/src/stm32f4xx_exti.c **** /* Private function prototypes -----------------------------------------------*/
  80:lib/chip/STM32F4xx_StdPeriph_Driver/src/stm32f4xx_exti.c **** /* Private functions ---------------------------------------------------------*/
  81:lib/chip/STM32F4xx_StdPeriph_Driver/src/stm32f4xx_exti.c **** 
  82:lib/chip/STM32F4xx_StdPeriph_Driver/src/stm32f4xx_exti.c **** /** @defgroup EXTI_Private_Functions
  83:lib/chip/STM32F4xx_StdPeriph_Driver/src/stm32f4xx_exti.c ****   * @{
  84:lib/chip/STM32F4xx_StdPeriph_Driver/src/stm32f4xx_exti.c ****   */
  85:lib/chip/STM32F4xx_StdPeriph_Driver/src/stm32f4xx_exti.c **** 
  86:lib/chip/STM32F4xx_StdPeriph_Driver/src/stm32f4xx_exti.c **** /** @defgroup EXTI_Group1 Initialization and Configuration functions
  87:lib/chip/STM32F4xx_StdPeriph_Driver/src/stm32f4xx_exti.c ****  *  @brief   Initialization and Configuration functions 
  88:lib/chip/STM32F4xx_StdPeriph_Driver/src/stm32f4xx_exti.c ****  *
  89:lib/chip/STM32F4xx_StdPeriph_Driver/src/stm32f4xx_exti.c **** @verbatim   
  90:lib/chip/STM32F4xx_StdPeriph_Driver/src/stm32f4xx_exti.c ****  ===============================================================================
  91:lib/chip/STM32F4xx_StdPeriph_Driver/src/stm32f4xx_exti.c ****                   Initialization and Configuration functions
  92:lib/chip/STM32F4xx_StdPeriph_Driver/src/stm32f4xx_exti.c ****  ===============================================================================  
  93:lib/chip/STM32F4xx_StdPeriph_Driver/src/stm32f4xx_exti.c **** 
  94:lib/chip/STM32F4xx_StdPeriph_Driver/src/stm32f4xx_exti.c **** @endverbatim
  95:lib/chip/STM32F4xx_StdPeriph_Driver/src/stm32f4xx_exti.c ****   * @{
  96:lib/chip/STM32F4xx_StdPeriph_Driver/src/stm32f4xx_exti.c ****   */
  97:lib/chip/STM32F4xx_StdPeriph_Driver/src/stm32f4xx_exti.c **** 
  98:lib/chip/STM32F4xx_StdPeriph_Driver/src/stm32f4xx_exti.c **** /**
  99:lib/chip/STM32F4xx_StdPeriph_Driver/src/stm32f4xx_exti.c ****   * @brief  Deinitializes the EXTI peripheral registers to their default reset values.
 100:lib/chip/STM32F4xx_StdPeriph_Driver/src/stm32f4xx_exti.c ****   * @param  None
 101:lib/chip/STM32F4xx_StdPeriph_Driver/src/stm32f4xx_exti.c ****   * @retval None
 102:lib/chip/STM32F4xx_StdPeriph_Driver/src/stm32f4xx_exti.c ****   */
 103:lib/chip/STM32F4xx_StdPeriph_Driver/src/stm32f4xx_exti.c **** void EXTI_DeInit(void)
 104:lib/chip/STM32F4xx_StdPeriph_Driver/src/stm32f4xx_exti.c **** {
  28              		.loc 1 104 0
  29              		.cfi_startproc
  30              		@ args = 0, pretend = 0, frame = 0
  31              		@ frame_needed = 1, uses_anonymous_args = 0
  32              		@ link register save eliminated.
  33 0000 80B4     		push	{r7}
  34              	.LCFI0:
  35              		.cfi_def_cfa_offset 4
  36              		.cfi_offset 7, -4
  37 0002 00AF     		add	r7, sp, #0
  38              	.LCFI1:
  39              		.cfi_def_cfa_register 7
 105:lib/chip/STM32F4xx_StdPeriph_Driver/src/stm32f4xx_exti.c ****   EXTI->IMR = 0x00000000;
  40              		.loc 1 105 0
  41 0004 4FF47053 		mov	r3, #15360
  42 0008 C4F20103 		movt	r3, 16385
  43 000c 0022     		movs	r2, #0
  44 000e 1A60     		str	r2, [r3]
 106:lib/chip/STM32F4xx_StdPeriph_Driver/src/stm32f4xx_exti.c ****   EXTI->EMR = 0x00000000;
  45              		.loc 1 106 0
  46 0010 4FF47053 		mov	r3, #15360
  47 0014 C4F20103 		movt	r3, 16385
  48 0018 0022     		movs	r2, #0
  49 001a 5A60     		str	r2, [r3, #4]
 107:lib/chip/STM32F4xx_StdPeriph_Driver/src/stm32f4xx_exti.c ****   EXTI->RTSR = 0x00000000;
  50              		.loc 1 107 0
  51 001c 4FF47053 		mov	r3, #15360
  52 0020 C4F20103 		movt	r3, 16385
  53 0024 0022     		movs	r2, #0
  54 0026 9A60     		str	r2, [r3, #8]
 108:lib/chip/STM32F4xx_StdPeriph_Driver/src/stm32f4xx_exti.c ****   EXTI->FTSR = 0x00000000;
  55              		.loc 1 108 0
  56 0028 4FF47053 		mov	r3, #15360
  57 002c C4F20103 		movt	r3, 16385
  58 0030 0022     		movs	r2, #0
  59 0032 DA60     		str	r2, [r3, #12]
 109:lib/chip/STM32F4xx_StdPeriph_Driver/src/stm32f4xx_exti.c ****   EXTI->PR = 0x007FFFFF;
  60              		.loc 1 109 0
  61 0034 4FF47053 		mov	r3, #15360
  62 0038 C4F20103 		movt	r3, 16385
  63 003c 4FF6FF72 		movw	r2, #65535
  64 0040 C0F27F02 		movt	r2, 127
  65 0044 5A61     		str	r2, [r3, #20]
 110:lib/chip/STM32F4xx_StdPeriph_Driver/src/stm32f4xx_exti.c **** }
  66              		.loc 1 110 0
  67 0046 BD46     		mov	sp, r7
  68              		@ sp needed
  69 0048 5DF8047B 		ldr	r7, [sp], #4
  70 004c 7047     		bx	lr
  71              		.cfi_endproc
  72              	.LFE110:
  74 004e 00BF     		.section	.rodata
  75              		.align	2
  76              	.LC0:
  77 0000 6C69622F 		.ascii	"lib/chip/STM32F4xx_StdPeriph_Driver/src/stm32f4xx_e"
  77      63686970 
  77      2F53544D 
  77      33324634 
  77      78785F53 
  78 0033 7874692E 		.ascii	"xti.c\000"
  78      6300
  79 0039 000000   		.section	.text.EXTI_Init,"ax",%progbits
  80              		.align	2
  81              		.global	EXTI_Init
  82              		.thumb
  83              		.thumb_func
  85              	EXTI_Init:
  86              	.LFB111:
 111:lib/chip/STM32F4xx_StdPeriph_Driver/src/stm32f4xx_exti.c **** 
 112:lib/chip/STM32F4xx_StdPeriph_Driver/src/stm32f4xx_exti.c **** /**
 113:lib/chip/STM32F4xx_StdPeriph_Driver/src/stm32f4xx_exti.c ****   * @brief  Initializes the EXTI peripheral according to the specified
 114:lib/chip/STM32F4xx_StdPeriph_Driver/src/stm32f4xx_exti.c ****   *         parameters in the EXTI_InitStruct.
 115:lib/chip/STM32F4xx_StdPeriph_Driver/src/stm32f4xx_exti.c ****   * @param  EXTI_InitStruct: pointer to a EXTI_InitTypeDef structure
 116:lib/chip/STM32F4xx_StdPeriph_Driver/src/stm32f4xx_exti.c ****   *         that contains the configuration information for the EXTI peripheral.
 117:lib/chip/STM32F4xx_StdPeriph_Driver/src/stm32f4xx_exti.c ****   * @retval None
 118:lib/chip/STM32F4xx_StdPeriph_Driver/src/stm32f4xx_exti.c ****   */
 119:lib/chip/STM32F4xx_StdPeriph_Driver/src/stm32f4xx_exti.c **** void EXTI_Init(EXTI_InitTypeDef* EXTI_InitStruct)
 120:lib/chip/STM32F4xx_StdPeriph_Driver/src/stm32f4xx_exti.c **** {
  87              		.loc 1 120 0
  88              		.cfi_startproc
  89              		@ args = 0, pretend = 0, frame = 16
  90              		@ frame_needed = 1, uses_anonymous_args = 0
  91 0000 80B5     		push	{r7, lr}
  92              	.LCFI2:
  93              		.cfi_def_cfa_offset 8
  94              		.cfi_offset 7, -8
  95              		.cfi_offset 14, -4
  96 0002 84B0     		sub	sp, sp, #16
  97              	.LCFI3:
  98              		.cfi_def_cfa_offset 24
  99 0004 00AF     		add	r7, sp, #0
 100              	.LCFI4:
 101              		.cfi_def_cfa_register 7
 102 0006 7860     		str	r0, [r7, #4]
 121:lib/chip/STM32F4xx_StdPeriph_Driver/src/stm32f4xx_exti.c ****   uint32_t tmp = 0;
 103              		.loc 1 121 0
 104 0008 0023     		movs	r3, #0
 105 000a FB60     		str	r3, [r7, #12]
 122:lib/chip/STM32F4xx_StdPeriph_Driver/src/stm32f4xx_exti.c **** 
 123:lib/chip/STM32F4xx_StdPeriph_Driver/src/stm32f4xx_exti.c ****   /* Check the parameters */
 124:lib/chip/STM32F4xx_StdPeriph_Driver/src/stm32f4xx_exti.c ****   assert_param(IS_EXTI_MODE(EXTI_InitStruct->EXTI_Mode));
 106              		.loc 1 124 0
 107 000c 7B68     		ldr	r3, [r7, #4]
 108 000e 1B79     		ldrb	r3, [r3, #4]	@ zero_extendqisi2
 109 0010 002B     		cmp	r3, #0
 110 0012 0AD0     		beq	.L3
 111              		.loc 1 124 0 is_stmt 0 discriminator 1
 112 0014 7B68     		ldr	r3, [r7, #4]
 113 0016 1B79     		ldrb	r3, [r3, #4]	@ zero_extendqisi2
 114 0018 042B     		cmp	r3, #4
 115 001a 06D0     		beq	.L3
 116 001c 40F20000 		movw	r0, #:lower16:.LC0
 117 0020 C0F20000 		movt	r0, #:upper16:.LC0
 118 0024 7C21     		movs	r1, #124
 119 0026 FFF7FEFF 		bl	assert_failed
 120              	.L3:
 125:lib/chip/STM32F4xx_StdPeriph_Driver/src/stm32f4xx_exti.c ****   assert_param(IS_EXTI_TRIGGER(EXTI_InitStruct->EXTI_Trigger));
 121              		.loc 1 125 0 is_stmt 1
 122 002a 7B68     		ldr	r3, [r7, #4]
 123 002c 5B79     		ldrb	r3, [r3, #5]	@ zero_extendqisi2
 124 002e 082B     		cmp	r3, #8
 125 0030 0ED0     		beq	.L4
 126              		.loc 1 125 0 is_stmt 0 discriminator 1
 127 0032 7B68     		ldr	r3, [r7, #4]
 128 0034 5B79     		ldrb	r3, [r3, #5]	@ zero_extendqisi2
 129 0036 0C2B     		cmp	r3, #12
 130 0038 0AD0     		beq	.L4
 131 003a 7B68     		ldr	r3, [r7, #4]
 132 003c 5B79     		ldrb	r3, [r3, #5]	@ zero_extendqisi2
 133 003e 102B     		cmp	r3, #16
 134 0040 06D0     		beq	.L4
 135 0042 40F20000 		movw	r0, #:lower16:.LC0
 136 0046 C0F20000 		movt	r0, #:upper16:.LC0
 137 004a 7D21     		movs	r1, #125
 138 004c FFF7FEFF 		bl	assert_failed
 139              	.L4:
 126:lib/chip/STM32F4xx_StdPeriph_Driver/src/stm32f4xx_exti.c ****   assert_param(IS_EXTI_LINE(EXTI_InitStruct->EXTI_Line));  
 140              		.loc 1 126 0 is_stmt 1
 141 0050 7B68     		ldr	r3, [r7, #4]
 142 0052 1B68     		ldr	r3, [r3]
 143 0054 DB0D     		lsrs	r3, r3, #23
 144 0056 DB05     		lsls	r3, r3, #23
 145 0058 002B     		cmp	r3, #0
 146 005a 03D1     		bne	.L5
 147              		.loc 1 126 0 is_stmt 0 discriminator 2
 148 005c 7B68     		ldr	r3, [r7, #4]
 149 005e 1B68     		ldr	r3, [r3]
 150 0060 002B     		cmp	r3, #0
 151 0062 06D1     		bne	.L6
 152              	.L5:
 153              		.loc 1 126 0 discriminator 1
 154 0064 40F20000 		movw	r0, #:lower16:.LC0
 155 0068 C0F20000 		movt	r0, #:upper16:.LC0
 156 006c 7E21     		movs	r1, #126
 157 006e FFF7FEFF 		bl	assert_failed
 158              	.L6:
 127:lib/chip/STM32F4xx_StdPeriph_Driver/src/stm32f4xx_exti.c ****   assert_param(IS_FUNCTIONAL_STATE(EXTI_InitStruct->EXTI_LineCmd));
 159              		.loc 1 127 0 is_stmt 1
 160 0072 7B68     		ldr	r3, [r7, #4]
 161 0074 9B79     		ldrb	r3, [r3, #6]	@ zero_extendqisi2
 162 0076 002B     		cmp	r3, #0
 163 0078 0AD0     		beq	.L7
 164              		.loc 1 127 0 is_stmt 0 discriminator 1
 165 007a 7B68     		ldr	r3, [r7, #4]
 166 007c 9B79     		ldrb	r3, [r3, #6]	@ zero_extendqisi2
 167 007e 012B     		cmp	r3, #1
 168 0080 06D0     		beq	.L7
 169 0082 40F20000 		movw	r0, #:lower16:.LC0
 170 0086 C0F20000 		movt	r0, #:upper16:.LC0
 171 008a 7F21     		movs	r1, #127
 172 008c FFF7FEFF 		bl	assert_failed
 173              	.L7:
 128:lib/chip/STM32F4xx_StdPeriph_Driver/src/stm32f4xx_exti.c **** 
 129:lib/chip/STM32F4xx_StdPeriph_Driver/src/stm32f4xx_exti.c ****   tmp = (uint32_t)EXTI_BASE;
 174              		.loc 1 129 0 is_stmt 1
 175 0090 4FF47053 		mov	r3, #15360
 176 0094 C4F20103 		movt	r3, 16385
 177 0098 FB60     		str	r3, [r7, #12]
 130:lib/chip/STM32F4xx_StdPeriph_Driver/src/stm32f4xx_exti.c ****      
 131:lib/chip/STM32F4xx_StdPeriph_Driver/src/stm32f4xx_exti.c ****   if (EXTI_InitStruct->EXTI_LineCmd != DISABLE)
 178              		.loc 1 131 0
 179 009a 7B68     		ldr	r3, [r7, #4]
 180 009c 9B79     		ldrb	r3, [r3, #6]	@ zero_extendqisi2
 181 009e 002B     		cmp	r3, #0
 182 00a0 74D0     		beq	.L8
 132:lib/chip/STM32F4xx_StdPeriph_Driver/src/stm32f4xx_exti.c ****   {
 133:lib/chip/STM32F4xx_StdPeriph_Driver/src/stm32f4xx_exti.c ****     /* Clear EXTI line configuration */
 134:lib/chip/STM32F4xx_StdPeriph_Driver/src/stm32f4xx_exti.c ****     EXTI->IMR &= ~EXTI_InitStruct->EXTI_Line;
 183              		.loc 1 134 0
 184 00a2 4FF47053 		mov	r3, #15360
 185 00a6 C4F20103 		movt	r3, 16385
 186 00aa 4FF47052 		mov	r2, #15360
 187 00ae C4F20102 		movt	r2, 16385
 188 00b2 1168     		ldr	r1, [r2]
 189 00b4 7A68     		ldr	r2, [r7, #4]
 190 00b6 1268     		ldr	r2, [r2]
 191 00b8 D243     		mvns	r2, r2
 192 00ba 0A40     		ands	r2, r2, r1
 193 00bc 1A60     		str	r2, [r3]
 135:lib/chip/STM32F4xx_StdPeriph_Driver/src/stm32f4xx_exti.c ****     EXTI->EMR &= ~EXTI_InitStruct->EXTI_Line;
 194              		.loc 1 135 0
 195 00be 4FF47053 		mov	r3, #15360
 196 00c2 C4F20103 		movt	r3, 16385
 197 00c6 4FF47052 		mov	r2, #15360
 198 00ca C4F20102 		movt	r2, 16385
 199 00ce 5168     		ldr	r1, [r2, #4]
 200 00d0 7A68     		ldr	r2, [r7, #4]
 201 00d2 1268     		ldr	r2, [r2]
 202 00d4 D243     		mvns	r2, r2
 203 00d6 0A40     		ands	r2, r2, r1
 204 00d8 5A60     		str	r2, [r3, #4]
 136:lib/chip/STM32F4xx_StdPeriph_Driver/src/stm32f4xx_exti.c ****     
 137:lib/chip/STM32F4xx_StdPeriph_Driver/src/stm32f4xx_exti.c ****     tmp += EXTI_InitStruct->EXTI_Mode;
 205              		.loc 1 137 0
 206 00da 7B68     		ldr	r3, [r7, #4]
 207 00dc 1B79     		ldrb	r3, [r3, #4]	@ zero_extendqisi2
 208 00de FA68     		ldr	r2, [r7, #12]
 209 00e0 1344     		add	r3, r3, r2
 210 00e2 FB60     		str	r3, [r7, #12]
 138:lib/chip/STM32F4xx_StdPeriph_Driver/src/stm32f4xx_exti.c **** 
 139:lib/chip/STM32F4xx_StdPeriph_Driver/src/stm32f4xx_exti.c ****     *(__IO uint32_t *) tmp |= EXTI_InitStruct->EXTI_Line;
 211              		.loc 1 139 0
 212 00e4 FB68     		ldr	r3, [r7, #12]
 213 00e6 FA68     		ldr	r2, [r7, #12]
 214 00e8 1168     		ldr	r1, [r2]
 215 00ea 7A68     		ldr	r2, [r7, #4]
 216 00ec 1268     		ldr	r2, [r2]
 217 00ee 0A43     		orrs	r2, r2, r1
 218 00f0 1A60     		str	r2, [r3]
 140:lib/chip/STM32F4xx_StdPeriph_Driver/src/stm32f4xx_exti.c **** 
 141:lib/chip/STM32F4xx_StdPeriph_Driver/src/stm32f4xx_exti.c ****     /* Clear Rising Falling edge configuration */
 142:lib/chip/STM32F4xx_StdPeriph_Driver/src/stm32f4xx_exti.c ****     EXTI->RTSR &= ~EXTI_InitStruct->EXTI_Line;
 219              		.loc 1 142 0
 220 00f2 4FF47053 		mov	r3, #15360
 221 00f6 C4F20103 		movt	r3, 16385
 222 00fa 4FF47052 		mov	r2, #15360
 223 00fe C4F20102 		movt	r2, 16385
 224 0102 9168     		ldr	r1, [r2, #8]
 225 0104 7A68     		ldr	r2, [r7, #4]
 226 0106 1268     		ldr	r2, [r2]
 227 0108 D243     		mvns	r2, r2
 228 010a 0A40     		ands	r2, r2, r1
 229 010c 9A60     		str	r2, [r3, #8]
 143:lib/chip/STM32F4xx_StdPeriph_Driver/src/stm32f4xx_exti.c ****     EXTI->FTSR &= ~EXTI_InitStruct->EXTI_Line;
 230              		.loc 1 143 0
 231 010e 4FF47053 		mov	r3, #15360
 232 0112 C4F20103 		movt	r3, 16385
 233 0116 4FF47052 		mov	r2, #15360
 234 011a C4F20102 		movt	r2, 16385
 235 011e D168     		ldr	r1, [r2, #12]
 236 0120 7A68     		ldr	r2, [r7, #4]
 237 0122 1268     		ldr	r2, [r2]
 238 0124 D243     		mvns	r2, r2
 239 0126 0A40     		ands	r2, r2, r1
 240 0128 DA60     		str	r2, [r3, #12]
 144:lib/chip/STM32F4xx_StdPeriph_Driver/src/stm32f4xx_exti.c ****     
 145:lib/chip/STM32F4xx_StdPeriph_Driver/src/stm32f4xx_exti.c ****     /* Select the trigger for the selected external interrupts */
 146:lib/chip/STM32F4xx_StdPeriph_Driver/src/stm32f4xx_exti.c ****     if (EXTI_InitStruct->EXTI_Trigger == EXTI_Trigger_Rising_Falling)
 241              		.loc 1 146 0
 242 012a 7B68     		ldr	r3, [r7, #4]
 243 012c 5B79     		ldrb	r3, [r3, #5]	@ zero_extendqisi2
 244 012e 102B     		cmp	r3, #16
 245 0130 1AD1     		bne	.L9
 147:lib/chip/STM32F4xx_StdPeriph_Driver/src/stm32f4xx_exti.c ****     {
 148:lib/chip/STM32F4xx_StdPeriph_Driver/src/stm32f4xx_exti.c ****       /* Rising Falling edge */
 149:lib/chip/STM32F4xx_StdPeriph_Driver/src/stm32f4xx_exti.c ****       EXTI->RTSR |= EXTI_InitStruct->EXTI_Line;
 246              		.loc 1 149 0
 247 0132 4FF47053 		mov	r3, #15360
 248 0136 C4F20103 		movt	r3, 16385
 249 013a 4FF47052 		mov	r2, #15360
 250 013e C4F20102 		movt	r2, 16385
 251 0142 9168     		ldr	r1, [r2, #8]
 252 0144 7A68     		ldr	r2, [r7, #4]
 253 0146 1268     		ldr	r2, [r2]
 254 0148 0A43     		orrs	r2, r2, r1
 255 014a 9A60     		str	r2, [r3, #8]
 150:lib/chip/STM32F4xx_StdPeriph_Driver/src/stm32f4xx_exti.c ****       EXTI->FTSR |= EXTI_InitStruct->EXTI_Line;
 256              		.loc 1 150 0
 257 014c 4FF47053 		mov	r3, #15360
 258 0150 C4F20103 		movt	r3, 16385
 259 0154 4FF47052 		mov	r2, #15360
 260 0158 C4F20102 		movt	r2, 16385
 261 015c D168     		ldr	r1, [r2, #12]
 262 015e 7A68     		ldr	r2, [r7, #4]
 263 0160 1268     		ldr	r2, [r2]
 264 0162 0A43     		orrs	r2, r2, r1
 265 0164 DA60     		str	r2, [r3, #12]
 266 0166 1EE0     		b	.L2
 267              	.L9:
 151:lib/chip/STM32F4xx_StdPeriph_Driver/src/stm32f4xx_exti.c ****     }
 152:lib/chip/STM32F4xx_StdPeriph_Driver/src/stm32f4xx_exti.c ****     else
 153:lib/chip/STM32F4xx_StdPeriph_Driver/src/stm32f4xx_exti.c ****     {
 154:lib/chip/STM32F4xx_StdPeriph_Driver/src/stm32f4xx_exti.c ****       tmp = (uint32_t)EXTI_BASE;
 268              		.loc 1 154 0
 269 0168 4FF47053 		mov	r3, #15360
 270 016c C4F20103 		movt	r3, 16385
 271 0170 FB60     		str	r3, [r7, #12]
 155:lib/chip/STM32F4xx_StdPeriph_Driver/src/stm32f4xx_exti.c ****       tmp += EXTI_InitStruct->EXTI_Trigger;
 272              		.loc 1 155 0
 273 0172 7B68     		ldr	r3, [r7, #4]
 274 0174 5B79     		ldrb	r3, [r3, #5]	@ zero_extendqisi2
 275 0176 FA68     		ldr	r2, [r7, #12]
 276 0178 1344     		add	r3, r3, r2
 277 017a FB60     		str	r3, [r7, #12]
 156:lib/chip/STM32F4xx_StdPeriph_Driver/src/stm32f4xx_exti.c **** 
 157:lib/chip/STM32F4xx_StdPeriph_Driver/src/stm32f4xx_exti.c ****       *(__IO uint32_t *) tmp |= EXTI_InitStruct->EXTI_Line;
 278              		.loc 1 157 0
 279 017c FB68     		ldr	r3, [r7, #12]
 280 017e FA68     		ldr	r2, [r7, #12]
 281 0180 1168     		ldr	r1, [r2]
 282 0182 7A68     		ldr	r2, [r7, #4]
 283 0184 1268     		ldr	r2, [r2]
 284 0186 0A43     		orrs	r2, r2, r1
 285 0188 1A60     		str	r2, [r3]
 286 018a 0CE0     		b	.L2
 287              	.L8:
 158:lib/chip/STM32F4xx_StdPeriph_Driver/src/stm32f4xx_exti.c ****     }
 159:lib/chip/STM32F4xx_StdPeriph_Driver/src/stm32f4xx_exti.c ****   }
 160:lib/chip/STM32F4xx_StdPeriph_Driver/src/stm32f4xx_exti.c ****   else
 161:lib/chip/STM32F4xx_StdPeriph_Driver/src/stm32f4xx_exti.c ****   {
 162:lib/chip/STM32F4xx_StdPeriph_Driver/src/stm32f4xx_exti.c ****     tmp += EXTI_InitStruct->EXTI_Mode;
 288              		.loc 1 162 0
 289 018c 7B68     		ldr	r3, [r7, #4]
 290 018e 1B79     		ldrb	r3, [r3, #4]	@ zero_extendqisi2
 291 0190 FA68     		ldr	r2, [r7, #12]
 292 0192 1344     		add	r3, r3, r2
 293 0194 FB60     		str	r3, [r7, #12]
 163:lib/chip/STM32F4xx_StdPeriph_Driver/src/stm32f4xx_exti.c **** 
 164:lib/chip/STM32F4xx_StdPeriph_Driver/src/stm32f4xx_exti.c ****     /* Disable the selected external lines */
 165:lib/chip/STM32F4xx_StdPeriph_Driver/src/stm32f4xx_exti.c ****     *(__IO uint32_t *) tmp &= ~EXTI_InitStruct->EXTI_Line;
 294              		.loc 1 165 0
 295 0196 FB68     		ldr	r3, [r7, #12]
 296 0198 FA68     		ldr	r2, [r7, #12]
 297 019a 1168     		ldr	r1, [r2]
 298 019c 7A68     		ldr	r2, [r7, #4]
 299 019e 1268     		ldr	r2, [r2]
 300 01a0 D243     		mvns	r2, r2
 301 01a2 0A40     		ands	r2, r2, r1
 302 01a4 1A60     		str	r2, [r3]
 303              	.L2:
 166:lib/chip/STM32F4xx_StdPeriph_Driver/src/stm32f4xx_exti.c ****   }
 167:lib/chip/STM32F4xx_StdPeriph_Driver/src/stm32f4xx_exti.c **** }
 304              		.loc 1 167 0
 305 01a6 1037     		adds	r7, r7, #16
 306 01a8 BD46     		mov	sp, r7
 307              		@ sp needed
 308 01aa 80BD     		pop	{r7, pc}
 309              		.cfi_endproc
 310              	.LFE111:
 312              		.section	.text.EXTI_StructInit,"ax",%progbits
 313              		.align	2
 314              		.global	EXTI_StructInit
 315              		.thumb
 316              		.thumb_func
 318              	EXTI_StructInit:
 319              	.LFB112:
 168:lib/chip/STM32F4xx_StdPeriph_Driver/src/stm32f4xx_exti.c **** 
 169:lib/chip/STM32F4xx_StdPeriph_Driver/src/stm32f4xx_exti.c **** /**
 170:lib/chip/STM32F4xx_StdPeriph_Driver/src/stm32f4xx_exti.c ****   * @brief  Fills each EXTI_InitStruct member with its reset value.
 171:lib/chip/STM32F4xx_StdPeriph_Driver/src/stm32f4xx_exti.c ****   * @param  EXTI_InitStruct: pointer to a EXTI_InitTypeDef structure which will
 172:lib/chip/STM32F4xx_StdPeriph_Driver/src/stm32f4xx_exti.c ****   *         be initialized.
 173:lib/chip/STM32F4xx_StdPeriph_Driver/src/stm32f4xx_exti.c ****   * @retval None
 174:lib/chip/STM32F4xx_StdPeriph_Driver/src/stm32f4xx_exti.c ****   */
 175:lib/chip/STM32F4xx_StdPeriph_Driver/src/stm32f4xx_exti.c **** void EXTI_StructInit(EXTI_InitTypeDef* EXTI_InitStruct)
 176:lib/chip/STM32F4xx_StdPeriph_Driver/src/stm32f4xx_exti.c **** {
 320              		.loc 1 176 0
 321              		.cfi_startproc
 322              		@ args = 0, pretend = 0, frame = 8
 323              		@ frame_needed = 1, uses_anonymous_args = 0
 324              		@ link register save eliminated.
 325 0000 80B4     		push	{r7}
 326              	.LCFI5:
 327              		.cfi_def_cfa_offset 4
 328              		.cfi_offset 7, -4
 329 0002 83B0     		sub	sp, sp, #12
 330              	.LCFI6:
 331              		.cfi_def_cfa_offset 16
 332 0004 00AF     		add	r7, sp, #0
 333              	.LCFI7:
 334              		.cfi_def_cfa_register 7
 335 0006 7860     		str	r0, [r7, #4]
 177:lib/chip/STM32F4xx_StdPeriph_Driver/src/stm32f4xx_exti.c ****   EXTI_InitStruct->EXTI_Line = EXTI_LINENONE;
 336              		.loc 1 177 0
 337 0008 7B68     		ldr	r3, [r7, #4]
 338 000a 0022     		movs	r2, #0
 339 000c 1A60     		str	r2, [r3]
 178:lib/chip/STM32F4xx_StdPeriph_Driver/src/stm32f4xx_exti.c ****   EXTI_InitStruct->EXTI_Mode = EXTI_Mode_Interrupt;
 340              		.loc 1 178 0
 341 000e 7B68     		ldr	r3, [r7, #4]
 342 0010 0022     		movs	r2, #0
 343 0012 1A71     		strb	r2, [r3, #4]
 179:lib/chip/STM32F4xx_StdPeriph_Driver/src/stm32f4xx_exti.c ****   EXTI_InitStruct->EXTI_Trigger = EXTI_Trigger_Falling;
 344              		.loc 1 179 0
 345 0014 7B68     		ldr	r3, [r7, #4]
 346 0016 0C22     		movs	r2, #12
 347 0018 5A71     		strb	r2, [r3, #5]
 180:lib/chip/STM32F4xx_StdPeriph_Driver/src/stm32f4xx_exti.c ****   EXTI_InitStruct->EXTI_LineCmd = DISABLE;
 348              		.loc 1 180 0
 349 001a 7B68     		ldr	r3, [r7, #4]
 350 001c 0022     		movs	r2, #0
 351 001e 9A71     		strb	r2, [r3, #6]
 181:lib/chip/STM32F4xx_StdPeriph_Driver/src/stm32f4xx_exti.c **** }
 352              		.loc 1 181 0
 353 0020 0C37     		adds	r7, r7, #12
 354 0022 BD46     		mov	sp, r7
 355              		@ sp needed
 356 0024 5DF8047B 		ldr	r7, [sp], #4
 357 0028 7047     		bx	lr
 358              		.cfi_endproc
 359              	.LFE112:
 361 002a 00BF     		.section	.text.EXTI_GenerateSWInterrupt,"ax",%progbits
 362              		.align	2
 363              		.global	EXTI_GenerateSWInterrupt
 364              		.thumb
 365              		.thumb_func
 367              	EXTI_GenerateSWInterrupt:
 368              	.LFB113:
 182:lib/chip/STM32F4xx_StdPeriph_Driver/src/stm32f4xx_exti.c **** 
 183:lib/chip/STM32F4xx_StdPeriph_Driver/src/stm32f4xx_exti.c **** /**
 184:lib/chip/STM32F4xx_StdPeriph_Driver/src/stm32f4xx_exti.c ****   * @brief  Generates a Software interrupt on selected EXTI line.
 185:lib/chip/STM32F4xx_StdPeriph_Driver/src/stm32f4xx_exti.c ****   * @param  EXTI_Line: specifies the EXTI line on which the software interrupt
 186:lib/chip/STM32F4xx_StdPeriph_Driver/src/stm32f4xx_exti.c ****   *         will be generated.
 187:lib/chip/STM32F4xx_StdPeriph_Driver/src/stm32f4xx_exti.c ****   *         This parameter can be any combination of EXTI_Linex where x can be (0..22)
 188:lib/chip/STM32F4xx_StdPeriph_Driver/src/stm32f4xx_exti.c ****   * @retval None
 189:lib/chip/STM32F4xx_StdPeriph_Driver/src/stm32f4xx_exti.c ****   */
 190:lib/chip/STM32F4xx_StdPeriph_Driver/src/stm32f4xx_exti.c **** void EXTI_GenerateSWInterrupt(uint32_t EXTI_Line)
 191:lib/chip/STM32F4xx_StdPeriph_Driver/src/stm32f4xx_exti.c **** {
 369              		.loc 1 191 0
 370              		.cfi_startproc
 371              		@ args = 0, pretend = 0, frame = 8
 372              		@ frame_needed = 1, uses_anonymous_args = 0
 373 0000 80B5     		push	{r7, lr}
 374              	.LCFI8:
 375              		.cfi_def_cfa_offset 8
 376              		.cfi_offset 7, -8
 377              		.cfi_offset 14, -4
 378 0002 82B0     		sub	sp, sp, #8
 379              	.LCFI9:
 380              		.cfi_def_cfa_offset 16
 381 0004 00AF     		add	r7, sp, #0
 382              	.LCFI10:
 383              		.cfi_def_cfa_register 7
 384 0006 7860     		str	r0, [r7, #4]
 192:lib/chip/STM32F4xx_StdPeriph_Driver/src/stm32f4xx_exti.c ****   /* Check the parameters */
 193:lib/chip/STM32F4xx_StdPeriph_Driver/src/stm32f4xx_exti.c ****   assert_param(IS_EXTI_LINE(EXTI_Line));
 385              		.loc 1 193 0
 386 0008 7B68     		ldr	r3, [r7, #4]
 387 000a DB0D     		lsrs	r3, r3, #23
 388 000c DB05     		lsls	r3, r3, #23
 389 000e 002B     		cmp	r3, #0
 390 0010 02D1     		bne	.L14
 391              		.loc 1 193 0 is_stmt 0 discriminator 2
 392 0012 7B68     		ldr	r3, [r7, #4]
 393 0014 002B     		cmp	r3, #0
 394 0016 06D1     		bne	.L15
 395              	.L14:
 396              		.loc 1 193 0 discriminator 1
 397 0018 40F20000 		movw	r0, #:lower16:.LC0
 398 001c C0F20000 		movt	r0, #:upper16:.LC0
 399 0020 C121     		movs	r1, #193
 400 0022 FFF7FEFF 		bl	assert_failed
 401              	.L15:
 194:lib/chip/STM32F4xx_StdPeriph_Driver/src/stm32f4xx_exti.c ****   
 195:lib/chip/STM32F4xx_StdPeriph_Driver/src/stm32f4xx_exti.c ****   EXTI->SWIER |= EXTI_Line;
 402              		.loc 1 195 0 is_stmt 1
 403 0026 4FF47053 		mov	r3, #15360
 404 002a C4F20103 		movt	r3, 16385
 405 002e 4FF47052 		mov	r2, #15360
 406 0032 C4F20102 		movt	r2, 16385
 407 0036 1169     		ldr	r1, [r2, #16]
 408 0038 7A68     		ldr	r2, [r7, #4]
 409 003a 0A43     		orrs	r2, r2, r1
 410 003c 1A61     		str	r2, [r3, #16]
 196:lib/chip/STM32F4xx_StdPeriph_Driver/src/stm32f4xx_exti.c **** }
 411              		.loc 1 196 0
 412 003e 0837     		adds	r7, r7, #8
 413 0040 BD46     		mov	sp, r7
 414              		@ sp needed
 415 0042 80BD     		pop	{r7, pc}
 416              		.cfi_endproc
 417              	.LFE113:
 419              		.section	.text.EXTI_GetFlagStatus,"ax",%progbits
 420              		.align	2
 421              		.global	EXTI_GetFlagStatus
 422              		.thumb
 423              		.thumb_func
 425              	EXTI_GetFlagStatus:
 426              	.LFB114:
 197:lib/chip/STM32F4xx_StdPeriph_Driver/src/stm32f4xx_exti.c **** 
 198:lib/chip/STM32F4xx_StdPeriph_Driver/src/stm32f4xx_exti.c **** /**
 199:lib/chip/STM32F4xx_StdPeriph_Driver/src/stm32f4xx_exti.c ****   * @}
 200:lib/chip/STM32F4xx_StdPeriph_Driver/src/stm32f4xx_exti.c ****   */
 201:lib/chip/STM32F4xx_StdPeriph_Driver/src/stm32f4xx_exti.c **** 
 202:lib/chip/STM32F4xx_StdPeriph_Driver/src/stm32f4xx_exti.c **** /** @defgroup EXTI_Group2 Interrupts and flags management functions
 203:lib/chip/STM32F4xx_StdPeriph_Driver/src/stm32f4xx_exti.c ****  *  @brief   Interrupts and flags management functions 
 204:lib/chip/STM32F4xx_StdPeriph_Driver/src/stm32f4xx_exti.c ****  *
 205:lib/chip/STM32F4xx_StdPeriph_Driver/src/stm32f4xx_exti.c **** @verbatim   
 206:lib/chip/STM32F4xx_StdPeriph_Driver/src/stm32f4xx_exti.c ****  ===============================================================================
 207:lib/chip/STM32F4xx_StdPeriph_Driver/src/stm32f4xx_exti.c ****                   Interrupts and flags management functions
 208:lib/chip/STM32F4xx_StdPeriph_Driver/src/stm32f4xx_exti.c ****  ===============================================================================  
 209:lib/chip/STM32F4xx_StdPeriph_Driver/src/stm32f4xx_exti.c **** 
 210:lib/chip/STM32F4xx_StdPeriph_Driver/src/stm32f4xx_exti.c **** @endverbatim
 211:lib/chip/STM32F4xx_StdPeriph_Driver/src/stm32f4xx_exti.c ****   * @{
 212:lib/chip/STM32F4xx_StdPeriph_Driver/src/stm32f4xx_exti.c ****   */
 213:lib/chip/STM32F4xx_StdPeriph_Driver/src/stm32f4xx_exti.c **** 
 214:lib/chip/STM32F4xx_StdPeriph_Driver/src/stm32f4xx_exti.c **** /**
 215:lib/chip/STM32F4xx_StdPeriph_Driver/src/stm32f4xx_exti.c ****   * @brief  Checks whether the specified EXTI line flag is set or not.
 216:lib/chip/STM32F4xx_StdPeriph_Driver/src/stm32f4xx_exti.c ****   * @param  EXTI_Line: specifies the EXTI line flag to check.
 217:lib/chip/STM32F4xx_StdPeriph_Driver/src/stm32f4xx_exti.c ****   *          This parameter can be EXTI_Linex where x can be(0..22)
 218:lib/chip/STM32F4xx_StdPeriph_Driver/src/stm32f4xx_exti.c ****   * @retval The new state of EXTI_Line (SET or RESET).
 219:lib/chip/STM32F4xx_StdPeriph_Driver/src/stm32f4xx_exti.c ****   */
 220:lib/chip/STM32F4xx_StdPeriph_Driver/src/stm32f4xx_exti.c **** FlagStatus EXTI_GetFlagStatus(uint32_t EXTI_Line)
 221:lib/chip/STM32F4xx_StdPeriph_Driver/src/stm32f4xx_exti.c **** {
 427              		.loc 1 221 0
 428              		.cfi_startproc
 429              		@ args = 0, pretend = 0, frame = 16
 430              		@ frame_needed = 1, uses_anonymous_args = 0
 431 0000 80B5     		push	{r7, lr}
 432              	.LCFI11:
 433              		.cfi_def_cfa_offset 8
 434              		.cfi_offset 7, -8
 435              		.cfi_offset 14, -4
 436 0002 84B0     		sub	sp, sp, #16
 437              	.LCFI12:
 438              		.cfi_def_cfa_offset 24
 439 0004 00AF     		add	r7, sp, #0
 440              	.LCFI13:
 441              		.cfi_def_cfa_register 7
 442 0006 7860     		str	r0, [r7, #4]
 222:lib/chip/STM32F4xx_StdPeriph_Driver/src/stm32f4xx_exti.c ****   FlagStatus bitstatus = RESET;
 443              		.loc 1 222 0
 444 0008 0023     		movs	r3, #0
 445 000a FB73     		strb	r3, [r7, #15]
 223:lib/chip/STM32F4xx_StdPeriph_Driver/src/stm32f4xx_exti.c ****   /* Check the parameters */
 224:lib/chip/STM32F4xx_StdPeriph_Driver/src/stm32f4xx_exti.c ****   assert_param(IS_GET_EXTI_LINE(EXTI_Line));
 446              		.loc 1 224 0
 447 000c 7B68     		ldr	r3, [r7, #4]
 448 000e 012B     		cmp	r3, #1
 449 0010 57D0     		beq	.L17
 450              		.loc 1 224 0 is_stmt 0 discriminator 1
 451 0012 7B68     		ldr	r3, [r7, #4]
 452 0014 022B     		cmp	r3, #2
 453 0016 54D0     		beq	.L17
 454 0018 7B68     		ldr	r3, [r7, #4]
 455 001a 042B     		cmp	r3, #4
 456 001c 51D0     		beq	.L17
 457 001e 7B68     		ldr	r3, [r7, #4]
 458 0020 082B     		cmp	r3, #8
 459 0022 4ED0     		beq	.L17
 460 0024 7B68     		ldr	r3, [r7, #4]
 461 0026 102B     		cmp	r3, #16
 462 0028 4BD0     		beq	.L17
 463 002a 7B68     		ldr	r3, [r7, #4]
 464 002c 202B     		cmp	r3, #32
 465 002e 48D0     		beq	.L17
 466 0030 7B68     		ldr	r3, [r7, #4]
 467 0032 402B     		cmp	r3, #64
 468 0034 45D0     		beq	.L17
 469 0036 7B68     		ldr	r3, [r7, #4]
 470 0038 802B     		cmp	r3, #128
 471 003a 42D0     		beq	.L17
 472 003c 7B68     		ldr	r3, [r7, #4]
 473 003e B3F5807F 		cmp	r3, #256
 474 0042 3ED0     		beq	.L17
 475 0044 7B68     		ldr	r3, [r7, #4]
 476 0046 B3F5007F 		cmp	r3, #512
 477 004a 3AD0     		beq	.L17
 478 004c 7B68     		ldr	r3, [r7, #4]
 479 004e B3F5806F 		cmp	r3, #1024
 480 0052 36D0     		beq	.L17
 481 0054 7B68     		ldr	r3, [r7, #4]
 482 0056 B3F5006F 		cmp	r3, #2048
 483 005a 32D0     		beq	.L17
 484 005c 7B68     		ldr	r3, [r7, #4]
 485 005e B3F5805F 		cmp	r3, #4096
 486 0062 2ED0     		beq	.L17
 487 0064 7B68     		ldr	r3, [r7, #4]
 488 0066 B3F5005F 		cmp	r3, #8192
 489 006a 2AD0     		beq	.L17
 490 006c 7B68     		ldr	r3, [r7, #4]
 491 006e B3F5804F 		cmp	r3, #16384
 492 0072 26D0     		beq	.L17
 493 0074 7B68     		ldr	r3, [r7, #4]
 494 0076 B3F5004F 		cmp	r3, #32768
 495 007a 22D0     		beq	.L17
 496 007c 7B68     		ldr	r3, [r7, #4]
 497 007e B3F5803F 		cmp	r3, #65536
 498 0082 1ED0     		beq	.L17
 499 0084 7B68     		ldr	r3, [r7, #4]
 500 0086 B3F5003F 		cmp	r3, #131072
 501 008a 1AD0     		beq	.L17
 502 008c 7B68     		ldr	r3, [r7, #4]
 503 008e B3F5802F 		cmp	r3, #262144
 504 0092 16D0     		beq	.L17
 505 0094 7B68     		ldr	r3, [r7, #4]
 506 0096 B3F5002F 		cmp	r3, #524288
 507 009a 12D0     		beq	.L17
 508 009c 7B68     		ldr	r3, [r7, #4]
 509 009e B3F5801F 		cmp	r3, #1048576
 510 00a2 0ED0     		beq	.L17
 511 00a4 7B68     		ldr	r3, [r7, #4]
 512 00a6 B3F5001F 		cmp	r3, #2097152
 513 00aa 0AD0     		beq	.L17
 514 00ac 7B68     		ldr	r3, [r7, #4]
 515 00ae B3F5800F 		cmp	r3, #4194304
 516 00b2 06D0     		beq	.L17
 517 00b4 40F20000 		movw	r0, #:lower16:.LC0
 518 00b8 C0F20000 		movt	r0, #:upper16:.LC0
 519 00bc E021     		movs	r1, #224
 520 00be FFF7FEFF 		bl	assert_failed
 521              	.L17:
 225:lib/chip/STM32F4xx_StdPeriph_Driver/src/stm32f4xx_exti.c ****   
 226:lib/chip/STM32F4xx_StdPeriph_Driver/src/stm32f4xx_exti.c ****   if ((EXTI->PR & EXTI_Line) != (uint32_t)RESET)
 522              		.loc 1 226 0 is_stmt 1
 523 00c2 4FF47053 		mov	r3, #15360
 524 00c6 C4F20103 		movt	r3, 16385
 525 00ca 5A69     		ldr	r2, [r3, #20]
 526 00cc 7B68     		ldr	r3, [r7, #4]
 527 00ce 1340     		ands	r3, r3, r2
 528 00d0 002B     		cmp	r3, #0
 529 00d2 02D0     		beq	.L18
 227:lib/chip/STM32F4xx_StdPeriph_Driver/src/stm32f4xx_exti.c ****   {
 228:lib/chip/STM32F4xx_StdPeriph_Driver/src/stm32f4xx_exti.c ****     bitstatus = SET;
 530              		.loc 1 228 0
 531 00d4 0123     		movs	r3, #1
 532 00d6 FB73     		strb	r3, [r7, #15]
 533 00d8 01E0     		b	.L19
 534              	.L18:
 229:lib/chip/STM32F4xx_StdPeriph_Driver/src/stm32f4xx_exti.c ****   }
 230:lib/chip/STM32F4xx_StdPeriph_Driver/src/stm32f4xx_exti.c ****   else
 231:lib/chip/STM32F4xx_StdPeriph_Driver/src/stm32f4xx_exti.c ****   {
 232:lib/chip/STM32F4xx_StdPeriph_Driver/src/stm32f4xx_exti.c ****     bitstatus = RESET;
 535              		.loc 1 232 0
 536 00da 0023     		movs	r3, #0
 537 00dc FB73     		strb	r3, [r7, #15]
 538              	.L19:
 233:lib/chip/STM32F4xx_StdPeriph_Driver/src/stm32f4xx_exti.c ****   }
 234:lib/chip/STM32F4xx_StdPeriph_Driver/src/stm32f4xx_exti.c ****   return bitstatus;
 539              		.loc 1 234 0
 540 00de FB7B     		ldrb	r3, [r7, #15]	@ zero_extendqisi2
 235:lib/chip/STM32F4xx_StdPeriph_Driver/src/stm32f4xx_exti.c **** }
 541              		.loc 1 235 0
 542 00e0 1846     		mov	r0, r3
 543 00e2 1037     		adds	r7, r7, #16
 544 00e4 BD46     		mov	sp, r7
 545              		@ sp needed
 546 00e6 80BD     		pop	{r7, pc}
 547              		.cfi_endproc
 548              	.LFE114:
 550              		.section	.text.EXTI_ClearFlag,"ax",%progbits
 551              		.align	2
 552              		.global	EXTI_ClearFlag
 553              		.thumb
 554              		.thumb_func
 556              	EXTI_ClearFlag:
 557              	.LFB115:
 236:lib/chip/STM32F4xx_StdPeriph_Driver/src/stm32f4xx_exti.c **** 
 237:lib/chip/STM32F4xx_StdPeriph_Driver/src/stm32f4xx_exti.c **** /**
 238:lib/chip/STM32F4xx_StdPeriph_Driver/src/stm32f4xx_exti.c ****   * @brief  Clears the EXTI's line pending flags.
 239:lib/chip/STM32F4xx_StdPeriph_Driver/src/stm32f4xx_exti.c ****   * @param  EXTI_Line: specifies the EXTI lines flags to clear.
 240:lib/chip/STM32F4xx_StdPeriph_Driver/src/stm32f4xx_exti.c ****   *          This parameter can be any combination of EXTI_Linex where x can be (0..22)
 241:lib/chip/STM32F4xx_StdPeriph_Driver/src/stm32f4xx_exti.c ****   * @retval None
 242:lib/chip/STM32F4xx_StdPeriph_Driver/src/stm32f4xx_exti.c ****   */
 243:lib/chip/STM32F4xx_StdPeriph_Driver/src/stm32f4xx_exti.c **** void EXTI_ClearFlag(uint32_t EXTI_Line)
 244:lib/chip/STM32F4xx_StdPeriph_Driver/src/stm32f4xx_exti.c **** {
 558              		.loc 1 244 0
 559              		.cfi_startproc
 560              		@ args = 0, pretend = 0, frame = 8
 561              		@ frame_needed = 1, uses_anonymous_args = 0
 562 0000 80B5     		push	{r7, lr}
 563              	.LCFI14:
 564              		.cfi_def_cfa_offset 8
 565              		.cfi_offset 7, -8
 566              		.cfi_offset 14, -4
 567 0002 82B0     		sub	sp, sp, #8
 568              	.LCFI15:
 569              		.cfi_def_cfa_offset 16
 570 0004 00AF     		add	r7, sp, #0
 571              	.LCFI16:
 572              		.cfi_def_cfa_register 7
 573 0006 7860     		str	r0, [r7, #4]
 245:lib/chip/STM32F4xx_StdPeriph_Driver/src/stm32f4xx_exti.c ****   /* Check the parameters */
 246:lib/chip/STM32F4xx_StdPeriph_Driver/src/stm32f4xx_exti.c ****   assert_param(IS_EXTI_LINE(EXTI_Line));
 574              		.loc 1 246 0
 575 0008 7B68     		ldr	r3, [r7, #4]
 576 000a DB0D     		lsrs	r3, r3, #23
 577 000c DB05     		lsls	r3, r3, #23
 578 000e 002B     		cmp	r3, #0
 579 0010 02D1     		bne	.L22
 580              		.loc 1 246 0 is_stmt 0 discriminator 2
 581 0012 7B68     		ldr	r3, [r7, #4]
 582 0014 002B     		cmp	r3, #0
 583 0016 06D1     		bne	.L23
 584              	.L22:
 585              		.loc 1 246 0 discriminator 1
 586 0018 40F20000 		movw	r0, #:lower16:.LC0
 587 001c C0F20000 		movt	r0, #:upper16:.LC0
 588 0020 F621     		movs	r1, #246
 589 0022 FFF7FEFF 		bl	assert_failed
 590              	.L23:
 247:lib/chip/STM32F4xx_StdPeriph_Driver/src/stm32f4xx_exti.c ****   
 248:lib/chip/STM32F4xx_StdPeriph_Driver/src/stm32f4xx_exti.c ****   EXTI->PR = EXTI_Line;
 591              		.loc 1 248 0 is_stmt 1
 592 0026 4FF47053 		mov	r3, #15360
 593 002a C4F20103 		movt	r3, 16385
 594 002e 7A68     		ldr	r2, [r7, #4]
 595 0030 5A61     		str	r2, [r3, #20]
 249:lib/chip/STM32F4xx_StdPeriph_Driver/src/stm32f4xx_exti.c **** }
 596              		.loc 1 249 0
 597 0032 0837     		adds	r7, r7, #8
 598 0034 BD46     		mov	sp, r7
 599              		@ sp needed
 600 0036 80BD     		pop	{r7, pc}
 601              		.cfi_endproc
 602              	.LFE115:
 604              		.section	.text.EXTI_GetITStatus,"ax",%progbits
 605              		.align	2
 606              		.global	EXTI_GetITStatus
 607              		.thumb
 608              		.thumb_func
 610              	EXTI_GetITStatus:
 611              	.LFB116:
 250:lib/chip/STM32F4xx_StdPeriph_Driver/src/stm32f4xx_exti.c **** 
 251:lib/chip/STM32F4xx_StdPeriph_Driver/src/stm32f4xx_exti.c **** /**
 252:lib/chip/STM32F4xx_StdPeriph_Driver/src/stm32f4xx_exti.c ****   * @brief  Checks whether the specified EXTI line is asserted or not.
 253:lib/chip/STM32F4xx_StdPeriph_Driver/src/stm32f4xx_exti.c ****   * @param  EXTI_Line: specifies the EXTI line to check.
 254:lib/chip/STM32F4xx_StdPeriph_Driver/src/stm32f4xx_exti.c ****   *          This parameter can be EXTI_Linex where x can be(0..22)
 255:lib/chip/STM32F4xx_StdPeriph_Driver/src/stm32f4xx_exti.c ****   * @retval The new state of EXTI_Line (SET or RESET).
 256:lib/chip/STM32F4xx_StdPeriph_Driver/src/stm32f4xx_exti.c ****   */
 257:lib/chip/STM32F4xx_StdPeriph_Driver/src/stm32f4xx_exti.c **** ITStatus EXTI_GetITStatus(uint32_t EXTI_Line)
 258:lib/chip/STM32F4xx_StdPeriph_Driver/src/stm32f4xx_exti.c **** {
 612              		.loc 1 258 0
 613              		.cfi_startproc
 614              		@ args = 0, pretend = 0, frame = 16
 615              		@ frame_needed = 1, uses_anonymous_args = 0
 616 0000 80B5     		push	{r7, lr}
 617              	.LCFI17:
 618              		.cfi_def_cfa_offset 8
 619              		.cfi_offset 7, -8
 620              		.cfi_offset 14, -4
 621 0002 84B0     		sub	sp, sp, #16
 622              	.LCFI18:
 623              		.cfi_def_cfa_offset 24
 624 0004 00AF     		add	r7, sp, #0
 625              	.LCFI19:
 626              		.cfi_def_cfa_register 7
 627 0006 7860     		str	r0, [r7, #4]
 259:lib/chip/STM32F4xx_StdPeriph_Driver/src/stm32f4xx_exti.c ****   ITStatus bitstatus = RESET;
 628              		.loc 1 259 0
 629 0008 0023     		movs	r3, #0
 630 000a FB73     		strb	r3, [r7, #15]
 260:lib/chip/STM32F4xx_StdPeriph_Driver/src/stm32f4xx_exti.c ****   uint32_t enablestatus = 0;
 631              		.loc 1 260 0
 632 000c 0023     		movs	r3, #0
 633 000e BB60     		str	r3, [r7, #8]
 261:lib/chip/STM32F4xx_StdPeriph_Driver/src/stm32f4xx_exti.c ****   /* Check the parameters */
 262:lib/chip/STM32F4xx_StdPeriph_Driver/src/stm32f4xx_exti.c ****   assert_param(IS_GET_EXTI_LINE(EXTI_Line));
 634              		.loc 1 262 0
 635 0010 7B68     		ldr	r3, [r7, #4]
 636 0012 012B     		cmp	r3, #1
 637 0014 58D0     		beq	.L25
 638              		.loc 1 262 0 is_stmt 0 discriminator 1
 639 0016 7B68     		ldr	r3, [r7, #4]
 640 0018 022B     		cmp	r3, #2
 641 001a 55D0     		beq	.L25
 642 001c 7B68     		ldr	r3, [r7, #4]
 643 001e 042B     		cmp	r3, #4
 644 0020 52D0     		beq	.L25
 645 0022 7B68     		ldr	r3, [r7, #4]
 646 0024 082B     		cmp	r3, #8
 647 0026 4FD0     		beq	.L25
 648 0028 7B68     		ldr	r3, [r7, #4]
 649 002a 102B     		cmp	r3, #16
 650 002c 4CD0     		beq	.L25
 651 002e 7B68     		ldr	r3, [r7, #4]
 652 0030 202B     		cmp	r3, #32
 653 0032 49D0     		beq	.L25
 654 0034 7B68     		ldr	r3, [r7, #4]
 655 0036 402B     		cmp	r3, #64
 656 0038 46D0     		beq	.L25
 657 003a 7B68     		ldr	r3, [r7, #4]
 658 003c 802B     		cmp	r3, #128
 659 003e 43D0     		beq	.L25
 660 0040 7B68     		ldr	r3, [r7, #4]
 661 0042 B3F5807F 		cmp	r3, #256
 662 0046 3FD0     		beq	.L25
 663 0048 7B68     		ldr	r3, [r7, #4]
 664 004a B3F5007F 		cmp	r3, #512
 665 004e 3BD0     		beq	.L25
 666 0050 7B68     		ldr	r3, [r7, #4]
 667 0052 B3F5806F 		cmp	r3, #1024
 668 0056 37D0     		beq	.L25
 669 0058 7B68     		ldr	r3, [r7, #4]
 670 005a B3F5006F 		cmp	r3, #2048
 671 005e 33D0     		beq	.L25
 672 0060 7B68     		ldr	r3, [r7, #4]
 673 0062 B3F5805F 		cmp	r3, #4096
 674 0066 2FD0     		beq	.L25
 675 0068 7B68     		ldr	r3, [r7, #4]
 676 006a B3F5005F 		cmp	r3, #8192
 677 006e 2BD0     		beq	.L25
 678 0070 7B68     		ldr	r3, [r7, #4]
 679 0072 B3F5804F 		cmp	r3, #16384
 680 0076 27D0     		beq	.L25
 681 0078 7B68     		ldr	r3, [r7, #4]
 682 007a B3F5004F 		cmp	r3, #32768
 683 007e 23D0     		beq	.L25
 684 0080 7B68     		ldr	r3, [r7, #4]
 685 0082 B3F5803F 		cmp	r3, #65536
 686 0086 1FD0     		beq	.L25
 687 0088 7B68     		ldr	r3, [r7, #4]
 688 008a B3F5003F 		cmp	r3, #131072
 689 008e 1BD0     		beq	.L25
 690 0090 7B68     		ldr	r3, [r7, #4]
 691 0092 B3F5802F 		cmp	r3, #262144
 692 0096 17D0     		beq	.L25
 693 0098 7B68     		ldr	r3, [r7, #4]
 694 009a B3F5002F 		cmp	r3, #524288
 695 009e 13D0     		beq	.L25
 696 00a0 7B68     		ldr	r3, [r7, #4]
 697 00a2 B3F5801F 		cmp	r3, #1048576
 698 00a6 0FD0     		beq	.L25
 699 00a8 7B68     		ldr	r3, [r7, #4]
 700 00aa B3F5001F 		cmp	r3, #2097152
 701 00ae 0BD0     		beq	.L25
 702 00b0 7B68     		ldr	r3, [r7, #4]
 703 00b2 B3F5800F 		cmp	r3, #4194304
 704 00b6 07D0     		beq	.L25
 705 00b8 40F20000 		movw	r0, #:lower16:.LC0
 706 00bc C0F20000 		movt	r0, #:upper16:.LC0
 707 00c0 4FF48371 		mov	r1, #262
 708 00c4 FFF7FEFF 		bl	assert_failed
 709              	.L25:
 263:lib/chip/STM32F4xx_StdPeriph_Driver/src/stm32f4xx_exti.c ****   
 264:lib/chip/STM32F4xx_StdPeriph_Driver/src/stm32f4xx_exti.c ****   enablestatus =  EXTI->IMR & EXTI_Line;
 710              		.loc 1 264 0 is_stmt 1
 711 00c8 4FF47053 		mov	r3, #15360
 712 00cc C4F20103 		movt	r3, 16385
 713 00d0 1A68     		ldr	r2, [r3]
 714 00d2 7B68     		ldr	r3, [r7, #4]
 715 00d4 1340     		ands	r3, r3, r2
 716 00d6 BB60     		str	r3, [r7, #8]
 265:lib/chip/STM32F4xx_StdPeriph_Driver/src/stm32f4xx_exti.c ****   if (((EXTI->PR & EXTI_Line) != (uint32_t)RESET) && (enablestatus != (uint32_t)RESET))
 717              		.loc 1 265 0
 718 00d8 4FF47053 		mov	r3, #15360
 719 00dc C4F20103 		movt	r3, 16385
 720 00e0 5A69     		ldr	r2, [r3, #20]
 721 00e2 7B68     		ldr	r3, [r7, #4]
 722 00e4 1340     		ands	r3, r3, r2
 723 00e6 002B     		cmp	r3, #0
 724 00e8 05D0     		beq	.L26
 725              		.loc 1 265 0 is_stmt 0 discriminator 1
 726 00ea BB68     		ldr	r3, [r7, #8]
 727 00ec 002B     		cmp	r3, #0
 728 00ee 02D0     		beq	.L26
 266:lib/chip/STM32F4xx_StdPeriph_Driver/src/stm32f4xx_exti.c ****   {
 267:lib/chip/STM32F4xx_StdPeriph_Driver/src/stm32f4xx_exti.c ****     bitstatus = SET;
 729              		.loc 1 267 0 is_stmt 1
 730 00f0 0123     		movs	r3, #1
 731 00f2 FB73     		strb	r3, [r7, #15]
 732 00f4 01E0     		b	.L27
 733              	.L26:
 268:lib/chip/STM32F4xx_StdPeriph_Driver/src/stm32f4xx_exti.c ****   }
 269:lib/chip/STM32F4xx_StdPeriph_Driver/src/stm32f4xx_exti.c ****   else
 270:lib/chip/STM32F4xx_StdPeriph_Driver/src/stm32f4xx_exti.c ****   {
 271:lib/chip/STM32F4xx_StdPeriph_Driver/src/stm32f4xx_exti.c ****     bitstatus = RESET;
 734              		.loc 1 271 0
 735 00f6 0023     		movs	r3, #0
 736 00f8 FB73     		strb	r3, [r7, #15]
 737              	.L27:
 272:lib/chip/STM32F4xx_StdPeriph_Driver/src/stm32f4xx_exti.c ****   }
 273:lib/chip/STM32F4xx_StdPeriph_Driver/src/stm32f4xx_exti.c ****   return bitstatus;
 738              		.loc 1 273 0
 739 00fa FB7B     		ldrb	r3, [r7, #15]	@ zero_extendqisi2
 274:lib/chip/STM32F4xx_StdPeriph_Driver/src/stm32f4xx_exti.c **** }
 740              		.loc 1 274 0
 741 00fc 1846     		mov	r0, r3
 742 00fe 1037     		adds	r7, r7, #16
 743 0100 BD46     		mov	sp, r7
 744              		@ sp needed
 745 0102 80BD     		pop	{r7, pc}
 746              		.cfi_endproc
 747              	.LFE116:
 749              		.section	.text.EXTI_ClearITPendingBit,"ax",%progbits
 750              		.align	2
 751              		.global	EXTI_ClearITPendingBit
 752              		.thumb
 753              		.thumb_func
 755              	EXTI_ClearITPendingBit:
 756              	.LFB117:
 275:lib/chip/STM32F4xx_StdPeriph_Driver/src/stm32f4xx_exti.c **** 
 276:lib/chip/STM32F4xx_StdPeriph_Driver/src/stm32f4xx_exti.c **** /**
 277:lib/chip/STM32F4xx_StdPeriph_Driver/src/stm32f4xx_exti.c ****   * @brief  Clears the EXTI's line pending bits.
 278:lib/chip/STM32F4xx_StdPeriph_Driver/src/stm32f4xx_exti.c ****   * @param  EXTI_Line: specifies the EXTI lines to clear.
 279:lib/chip/STM32F4xx_StdPeriph_Driver/src/stm32f4xx_exti.c ****   *          This parameter can be any combination of EXTI_Linex where x can be (0..22)
 280:lib/chip/STM32F4xx_StdPeriph_Driver/src/stm32f4xx_exti.c ****   * @retval None
 281:lib/chip/STM32F4xx_StdPeriph_Driver/src/stm32f4xx_exti.c ****   */
 282:lib/chip/STM32F4xx_StdPeriph_Driver/src/stm32f4xx_exti.c **** void EXTI_ClearITPendingBit(uint32_t EXTI_Line)
 283:lib/chip/STM32F4xx_StdPeriph_Driver/src/stm32f4xx_exti.c **** {
 757              		.loc 1 283 0
 758              		.cfi_startproc
 759              		@ args = 0, pretend = 0, frame = 8
 760              		@ frame_needed = 1, uses_anonymous_args = 0
 761 0000 80B5     		push	{r7, lr}
 762              	.LCFI20:
 763              		.cfi_def_cfa_offset 8
 764              		.cfi_offset 7, -8
 765              		.cfi_offset 14, -4
 766 0002 82B0     		sub	sp, sp, #8
 767              	.LCFI21:
 768              		.cfi_def_cfa_offset 16
 769 0004 00AF     		add	r7, sp, #0
 770              	.LCFI22:
 771              		.cfi_def_cfa_register 7
 772 0006 7860     		str	r0, [r7, #4]
 284:lib/chip/STM32F4xx_StdPeriph_Driver/src/stm32f4xx_exti.c ****   /* Check the parameters */
 285:lib/chip/STM32F4xx_StdPeriph_Driver/src/stm32f4xx_exti.c ****   assert_param(IS_EXTI_LINE(EXTI_Line));
 773              		.loc 1 285 0
 774 0008 7B68     		ldr	r3, [r7, #4]
 775 000a DB0D     		lsrs	r3, r3, #23
 776 000c DB05     		lsls	r3, r3, #23
 777 000e 002B     		cmp	r3, #0
 778 0010 02D1     		bne	.L30
 779              		.loc 1 285 0 is_stmt 0 discriminator 2
 780 0012 7B68     		ldr	r3, [r7, #4]
 781 0014 002B     		cmp	r3, #0
 782 0016 07D1     		bne	.L31
 783              	.L30:
 784              		.loc 1 285 0 discriminator 1
 785 0018 40F20000 		movw	r0, #:lower16:.LC0
 786 001c C0F20000 		movt	r0, #:upper16:.LC0
 787 0020 40F21D11 		movw	r1, #285
 788 0024 FFF7FEFF 		bl	assert_failed
 789              	.L31:
 286:lib/chip/STM32F4xx_StdPeriph_Driver/src/stm32f4xx_exti.c ****   
 287:lib/chip/STM32F4xx_StdPeriph_Driver/src/stm32f4xx_exti.c ****   EXTI->PR = EXTI_Line;
 790              		.loc 1 287 0 is_stmt 1
 791 0028 4FF47053 		mov	r3, #15360
 792 002c C4F20103 		movt	r3, 16385
 793 0030 7A68     		ldr	r2, [r7, #4]
 794 0032 5A61     		str	r2, [r3, #20]
 288:lib/chip/STM32F4xx_StdPeriph_Driver/src/stm32f4xx_exti.c **** }
 795              		.loc 1 288 0
 796 0034 0837     		adds	r7, r7, #8
 797 0036 BD46     		mov	sp, r7
 798              		@ sp needed
 799 0038 80BD     		pop	{r7, pc}
 800              		.cfi_endproc
 801              	.LFE117:
 803 003a 00BF     		.text
 804              	.Letext0:
 805              		.file 2 "/usr/include/newlib/machine/_default_types.h"
 806              		.file 3 "/usr/include/newlib/stdint.h"
 807              		.file 4 "lib/chip/CMSIS/ST/STM32F4xx/Include/stm32f4xx.h"
 808              		.file 5 "lib/chip/STM32F4xx_StdPeriph_Driver/inc/stm32f4xx_exti.h"
 809              		.file 6 "lib/chip/CMSIS/Include/core_cm4.h"
DEFINED SYMBOLS
                            *ABS*:00000000 stm32f4xx_exti.c
     /tmp/ccbvHDX2.s:20     .text.EXTI_DeInit:00000000 $t
     /tmp/ccbvHDX2.s:25     .text.EXTI_DeInit:00000000 EXTI_DeInit
     /tmp/ccbvHDX2.s:75     .rodata:00000000 $d
     /tmp/ccbvHDX2.s:76     .rodata:00000000 .LC0
     /tmp/ccbvHDX2.s:80     .text.EXTI_Init:00000000 $t
     /tmp/ccbvHDX2.s:85     .text.EXTI_Init:00000000 EXTI_Init
     /tmp/ccbvHDX2.s:313    .text.EXTI_StructInit:00000000 $t
     /tmp/ccbvHDX2.s:318    .text.EXTI_StructInit:00000000 EXTI_StructInit
     /tmp/ccbvHDX2.s:362    .text.EXTI_GenerateSWInterrupt:00000000 $t
     /tmp/ccbvHDX2.s:367    .text.EXTI_GenerateSWInterrupt:00000000 EXTI_GenerateSWInterrupt
     /tmp/ccbvHDX2.s:420    .text.EXTI_GetFlagStatus:00000000 $t
     /tmp/ccbvHDX2.s:425    .text.EXTI_GetFlagStatus:00000000 EXTI_GetFlagStatus
     /tmp/ccbvHDX2.s:551    .text.EXTI_ClearFlag:00000000 $t
     /tmp/ccbvHDX2.s:556    .text.EXTI_ClearFlag:00000000 EXTI_ClearFlag
     /tmp/ccbvHDX2.s:605    .text.EXTI_GetITStatus:00000000 $t
     /tmp/ccbvHDX2.s:610    .text.EXTI_GetITStatus:00000000 EXTI_GetITStatus
     /tmp/ccbvHDX2.s:750    .text.EXTI_ClearITPendingBit:00000000 $t
     /tmp/ccbvHDX2.s:755    .text.EXTI_ClearITPendingBit:00000000 EXTI_ClearITPendingBit
                     .debug_frame:00000010 $d

UNDEFINED SYMBOLS
assert_failed
