   1              		.syntax unified
   2              		.cpu cortex-m4
   3              		.eabi_attribute 27, 3
   4              		.fpu fpv4-sp-d16
   5              		.eabi_attribute 20, 1
   6              		.eabi_attribute 21, 1
   7              		.eabi_attribute 23, 3
   8              		.eabi_attribute 24, 1
   9              		.eabi_attribute 25, 1
  10              		.eabi_attribute 26, 1
  11              		.eabi_attribute 30, 6
  12              		.eabi_attribute 34, 1
  13              		.eabi_attribute 18, 4
  14              		.thumb
  15              		.file	"stm32f4xx_crc.c"
  16              		.text
  17              	.Ltext0:
  18              		.cfi_sections	.debug_frame
  19              		.section	.text.CRC_ResetDR,"ax",%progbits
  20              		.align	2
  21              		.global	CRC_ResetDR
  22              		.thumb
  23              		.thumb_func
  25              	CRC_ResetDR:
  26              	.LFB110:
  27              		.file 1 "lib/chip/STM32F4xx_StdPeriph_Driver/src/stm32f4xx_crc.c"
   1:lib/chip/STM32F4xx_StdPeriph_Driver/src/stm32f4xx_crc.c **** /**
   2:lib/chip/STM32F4xx_StdPeriph_Driver/src/stm32f4xx_crc.c ****   ******************************************************************************
   3:lib/chip/STM32F4xx_StdPeriph_Driver/src/stm32f4xx_crc.c ****   * @file    stm32f4xx_crc.c
   4:lib/chip/STM32F4xx_StdPeriph_Driver/src/stm32f4xx_crc.c ****   * @author  MCD Application Team
   5:lib/chip/STM32F4xx_StdPeriph_Driver/src/stm32f4xx_crc.c ****   * @version V1.0.0
   6:lib/chip/STM32F4xx_StdPeriph_Driver/src/stm32f4xx_crc.c ****   * @date    30-September-2011
   7:lib/chip/STM32F4xx_StdPeriph_Driver/src/stm32f4xx_crc.c ****   * @brief   This file provides all the CRC firmware functions.
   8:lib/chip/STM32F4xx_StdPeriph_Driver/src/stm32f4xx_crc.c ****   ******************************************************************************
   9:lib/chip/STM32F4xx_StdPeriph_Driver/src/stm32f4xx_crc.c ****   * @attention
  10:lib/chip/STM32F4xx_StdPeriph_Driver/src/stm32f4xx_crc.c ****   *
  11:lib/chip/STM32F4xx_StdPeriph_Driver/src/stm32f4xx_crc.c ****   * THE PRESENT FIRMWARE WHICH IS FOR GUIDANCE ONLY AIMS AT PROVIDING CUSTOMERS
  12:lib/chip/STM32F4xx_StdPeriph_Driver/src/stm32f4xx_crc.c ****   * WITH CODING INFORMATION REGARDING THEIR PRODUCTS IN ORDER FOR THEM TO SAVE
  13:lib/chip/STM32F4xx_StdPeriph_Driver/src/stm32f4xx_crc.c ****   * TIME. AS A RESULT, STMICROELECTRONICS SHALL NOT BE HELD LIABLE FOR ANY
  14:lib/chip/STM32F4xx_StdPeriph_Driver/src/stm32f4xx_crc.c ****   * DIRECT, INDIRECT OR CONSEQUENTIAL DAMAGES WITH RESPECT TO ANY CLAIMS ARISING
  15:lib/chip/STM32F4xx_StdPeriph_Driver/src/stm32f4xx_crc.c ****   * FROM THE CONTENT OF SUCH FIRMWARE AND/OR THE USE MADE BY CUSTOMERS OF THE
  16:lib/chip/STM32F4xx_StdPeriph_Driver/src/stm32f4xx_crc.c ****   * CODING INFORMATION CONTAINED HEREIN IN CONNECTION WITH THEIR PRODUCTS.
  17:lib/chip/STM32F4xx_StdPeriph_Driver/src/stm32f4xx_crc.c ****   *
  18:lib/chip/STM32F4xx_StdPeriph_Driver/src/stm32f4xx_crc.c ****   * <h2><center>&copy; COPYRIGHT 2011 STMicroelectronics</center></h2>
  19:lib/chip/STM32F4xx_StdPeriph_Driver/src/stm32f4xx_crc.c ****   ******************************************************************************
  20:lib/chip/STM32F4xx_StdPeriph_Driver/src/stm32f4xx_crc.c ****   */
  21:lib/chip/STM32F4xx_StdPeriph_Driver/src/stm32f4xx_crc.c **** 
  22:lib/chip/STM32F4xx_StdPeriph_Driver/src/stm32f4xx_crc.c **** /* Includes ------------------------------------------------------------------*/
  23:lib/chip/STM32F4xx_StdPeriph_Driver/src/stm32f4xx_crc.c **** #include "stm32f4xx_crc.h"
  24:lib/chip/STM32F4xx_StdPeriph_Driver/src/stm32f4xx_crc.c **** 
  25:lib/chip/STM32F4xx_StdPeriph_Driver/src/stm32f4xx_crc.c **** /** @addtogroup STM32F4xx_StdPeriph_Driver
  26:lib/chip/STM32F4xx_StdPeriph_Driver/src/stm32f4xx_crc.c ****   * @{
  27:lib/chip/STM32F4xx_StdPeriph_Driver/src/stm32f4xx_crc.c ****   */
  28:lib/chip/STM32F4xx_StdPeriph_Driver/src/stm32f4xx_crc.c **** 
  29:lib/chip/STM32F4xx_StdPeriph_Driver/src/stm32f4xx_crc.c **** /** @defgroup CRC 
  30:lib/chip/STM32F4xx_StdPeriph_Driver/src/stm32f4xx_crc.c ****   * @brief CRC driver modules
  31:lib/chip/STM32F4xx_StdPeriph_Driver/src/stm32f4xx_crc.c ****   * @{
  32:lib/chip/STM32F4xx_StdPeriph_Driver/src/stm32f4xx_crc.c ****   */
  33:lib/chip/STM32F4xx_StdPeriph_Driver/src/stm32f4xx_crc.c **** 
  34:lib/chip/STM32F4xx_StdPeriph_Driver/src/stm32f4xx_crc.c **** /* Private typedef -----------------------------------------------------------*/
  35:lib/chip/STM32F4xx_StdPeriph_Driver/src/stm32f4xx_crc.c **** /* Private define ------------------------------------------------------------*/
  36:lib/chip/STM32F4xx_StdPeriph_Driver/src/stm32f4xx_crc.c **** /* Private macro -------------------------------------------------------------*/
  37:lib/chip/STM32F4xx_StdPeriph_Driver/src/stm32f4xx_crc.c **** /* Private variables ---------------------------------------------------------*/
  38:lib/chip/STM32F4xx_StdPeriph_Driver/src/stm32f4xx_crc.c **** /* Private function prototypes -----------------------------------------------*/
  39:lib/chip/STM32F4xx_StdPeriph_Driver/src/stm32f4xx_crc.c **** /* Private functions ---------------------------------------------------------*/
  40:lib/chip/STM32F4xx_StdPeriph_Driver/src/stm32f4xx_crc.c **** 
  41:lib/chip/STM32F4xx_StdPeriph_Driver/src/stm32f4xx_crc.c **** /** @defgroup CRC_Private_Functions
  42:lib/chip/STM32F4xx_StdPeriph_Driver/src/stm32f4xx_crc.c ****   * @{
  43:lib/chip/STM32F4xx_StdPeriph_Driver/src/stm32f4xx_crc.c ****   */
  44:lib/chip/STM32F4xx_StdPeriph_Driver/src/stm32f4xx_crc.c **** 
  45:lib/chip/STM32F4xx_StdPeriph_Driver/src/stm32f4xx_crc.c **** /**
  46:lib/chip/STM32F4xx_StdPeriph_Driver/src/stm32f4xx_crc.c ****   * @brief  Resets the CRC Data register (DR).
  47:lib/chip/STM32F4xx_StdPeriph_Driver/src/stm32f4xx_crc.c ****   * @param  None
  48:lib/chip/STM32F4xx_StdPeriph_Driver/src/stm32f4xx_crc.c ****   * @retval None
  49:lib/chip/STM32F4xx_StdPeriph_Driver/src/stm32f4xx_crc.c ****   */
  50:lib/chip/STM32F4xx_StdPeriph_Driver/src/stm32f4xx_crc.c **** void CRC_ResetDR(void)
  51:lib/chip/STM32F4xx_StdPeriph_Driver/src/stm32f4xx_crc.c **** {
  28              		.loc 1 51 0
  29              		.cfi_startproc
  30              		@ args = 0, pretend = 0, frame = 0
  31              		@ frame_needed = 1, uses_anonymous_args = 0
  32              		@ link register save eliminated.
  33 0000 80B4     		push	{r7}
  34              	.LCFI0:
  35              		.cfi_def_cfa_offset 4
  36              		.cfi_offset 7, -4
  37 0002 00AF     		add	r7, sp, #0
  38              	.LCFI1:
  39              		.cfi_def_cfa_register 7
  52:lib/chip/STM32F4xx_StdPeriph_Driver/src/stm32f4xx_crc.c ****   /* Reset CRC generator */
  53:lib/chip/STM32F4xx_StdPeriph_Driver/src/stm32f4xx_crc.c ****   CRC->CR = CRC_CR_RESET;
  40              		.loc 1 53 0
  41 0004 4FF44053 		mov	r3, #12288
  42 0008 C4F20203 		movt	r3, 16386
  43 000c 0122     		movs	r2, #1
  44 000e 9A60     		str	r2, [r3, #8]
  54:lib/chip/STM32F4xx_StdPeriph_Driver/src/stm32f4xx_crc.c **** }
  45              		.loc 1 54 0
  46 0010 BD46     		mov	sp, r7
  47              		@ sp needed
  48 0012 5DF8047B 		ldr	r7, [sp], #4
  49 0016 7047     		bx	lr
  50              		.cfi_endproc
  51              	.LFE110:
  53              		.section	.text.CRC_CalcCRC,"ax",%progbits
  54              		.align	2
  55              		.global	CRC_CalcCRC
  56              		.thumb
  57              		.thumb_func
  59              	CRC_CalcCRC:
  60              	.LFB111:
  55:lib/chip/STM32F4xx_StdPeriph_Driver/src/stm32f4xx_crc.c **** 
  56:lib/chip/STM32F4xx_StdPeriph_Driver/src/stm32f4xx_crc.c **** /**
  57:lib/chip/STM32F4xx_StdPeriph_Driver/src/stm32f4xx_crc.c ****   * @brief  Computes the 32-bit CRC of a given data word(32-bit).
  58:lib/chip/STM32F4xx_StdPeriph_Driver/src/stm32f4xx_crc.c ****   * @param  Data: data word(32-bit) to compute its CRC
  59:lib/chip/STM32F4xx_StdPeriph_Driver/src/stm32f4xx_crc.c ****   * @retval 32-bit CRC
  60:lib/chip/STM32F4xx_StdPeriph_Driver/src/stm32f4xx_crc.c ****   */
  61:lib/chip/STM32F4xx_StdPeriph_Driver/src/stm32f4xx_crc.c **** uint32_t CRC_CalcCRC(uint32_t Data)
  62:lib/chip/STM32F4xx_StdPeriph_Driver/src/stm32f4xx_crc.c **** {
  61              		.loc 1 62 0
  62              		.cfi_startproc
  63              		@ args = 0, pretend = 0, frame = 8
  64              		@ frame_needed = 1, uses_anonymous_args = 0
  65              		@ link register save eliminated.
  66 0000 80B4     		push	{r7}
  67              	.LCFI2:
  68              		.cfi_def_cfa_offset 4
  69              		.cfi_offset 7, -4
  70 0002 83B0     		sub	sp, sp, #12
  71              	.LCFI3:
  72              		.cfi_def_cfa_offset 16
  73 0004 00AF     		add	r7, sp, #0
  74              	.LCFI4:
  75              		.cfi_def_cfa_register 7
  76 0006 7860     		str	r0, [r7, #4]
  63:lib/chip/STM32F4xx_StdPeriph_Driver/src/stm32f4xx_crc.c ****   CRC->DR = Data;
  77              		.loc 1 63 0
  78 0008 4FF44053 		mov	r3, #12288
  79 000c C4F20203 		movt	r3, 16386
  80 0010 7A68     		ldr	r2, [r7, #4]
  81 0012 1A60     		str	r2, [r3]
  64:lib/chip/STM32F4xx_StdPeriph_Driver/src/stm32f4xx_crc.c ****   
  65:lib/chip/STM32F4xx_StdPeriph_Driver/src/stm32f4xx_crc.c ****   return (CRC->DR);
  82              		.loc 1 65 0
  83 0014 4FF44053 		mov	r3, #12288
  84 0018 C4F20203 		movt	r3, 16386
  85 001c 1B68     		ldr	r3, [r3]
  66:lib/chip/STM32F4xx_StdPeriph_Driver/src/stm32f4xx_crc.c **** }
  86              		.loc 1 66 0
  87 001e 1846     		mov	r0, r3
  88 0020 0C37     		adds	r7, r7, #12
  89 0022 BD46     		mov	sp, r7
  90              		@ sp needed
  91 0024 5DF8047B 		ldr	r7, [sp], #4
  92 0028 7047     		bx	lr
  93              		.cfi_endproc
  94              	.LFE111:
  96 002a 00BF     		.section	.text.CRC_CalcBlockCRC,"ax",%progbits
  97              		.align	2
  98              		.global	CRC_CalcBlockCRC
  99              		.thumb
 100              		.thumb_func
 102              	CRC_CalcBlockCRC:
 103              	.LFB112:
  67:lib/chip/STM32F4xx_StdPeriph_Driver/src/stm32f4xx_crc.c **** 
  68:lib/chip/STM32F4xx_StdPeriph_Driver/src/stm32f4xx_crc.c **** /**
  69:lib/chip/STM32F4xx_StdPeriph_Driver/src/stm32f4xx_crc.c ****   * @brief  Computes the 32-bit CRC of a given buffer of data word(32-bit).
  70:lib/chip/STM32F4xx_StdPeriph_Driver/src/stm32f4xx_crc.c ****   * @param  pBuffer: pointer to the buffer containing the data to be computed
  71:lib/chip/STM32F4xx_StdPeriph_Driver/src/stm32f4xx_crc.c ****   * @param  BufferLength: length of the buffer to be computed					
  72:lib/chip/STM32F4xx_StdPeriph_Driver/src/stm32f4xx_crc.c ****   * @retval 32-bit CRC
  73:lib/chip/STM32F4xx_StdPeriph_Driver/src/stm32f4xx_crc.c ****   */
  74:lib/chip/STM32F4xx_StdPeriph_Driver/src/stm32f4xx_crc.c **** uint32_t CRC_CalcBlockCRC(uint32_t pBuffer[], uint32_t BufferLength)
  75:lib/chip/STM32F4xx_StdPeriph_Driver/src/stm32f4xx_crc.c **** {
 104              		.loc 1 75 0
 105              		.cfi_startproc
 106              		@ args = 0, pretend = 0, frame = 16
 107              		@ frame_needed = 1, uses_anonymous_args = 0
 108              		@ link register save eliminated.
 109 0000 80B4     		push	{r7}
 110              	.LCFI5:
 111              		.cfi_def_cfa_offset 4
 112              		.cfi_offset 7, -4
 113 0002 85B0     		sub	sp, sp, #20
 114              	.LCFI6:
 115              		.cfi_def_cfa_offset 24
 116 0004 00AF     		add	r7, sp, #0
 117              	.LCFI7:
 118              		.cfi_def_cfa_register 7
 119 0006 7860     		str	r0, [r7, #4]
 120 0008 3960     		str	r1, [r7]
  76:lib/chip/STM32F4xx_StdPeriph_Driver/src/stm32f4xx_crc.c ****   uint32_t index = 0;
 121              		.loc 1 76 0
 122 000a 0023     		movs	r3, #0
 123 000c FB60     		str	r3, [r7, #12]
  77:lib/chip/STM32F4xx_StdPeriph_Driver/src/stm32f4xx_crc.c ****   
  78:lib/chip/STM32F4xx_StdPeriph_Driver/src/stm32f4xx_crc.c ****   for(index = 0; index < BufferLength; index++)
 124              		.loc 1 78 0
 125 000e 0023     		movs	r3, #0
 126 0010 FB60     		str	r3, [r7, #12]
 127 0012 0CE0     		b	.L5
 128              	.L6:
  79:lib/chip/STM32F4xx_StdPeriph_Driver/src/stm32f4xx_crc.c ****   {
  80:lib/chip/STM32F4xx_StdPeriph_Driver/src/stm32f4xx_crc.c ****     CRC->DR = pBuffer[index];
 129              		.loc 1 80 0 discriminator 2
 130 0014 4FF44053 		mov	r3, #12288
 131 0018 C4F20203 		movt	r3, 16386
 132 001c FA68     		ldr	r2, [r7, #12]
 133 001e 9200     		lsls	r2, r2, #2
 134 0020 7968     		ldr	r1, [r7, #4]
 135 0022 0A44     		add	r2, r2, r1
 136 0024 1268     		ldr	r2, [r2]
 137 0026 1A60     		str	r2, [r3]
  78:lib/chip/STM32F4xx_StdPeriph_Driver/src/stm32f4xx_crc.c ****   {
 138              		.loc 1 78 0 discriminator 2
 139 0028 FB68     		ldr	r3, [r7, #12]
 140 002a 0133     		adds	r3, r3, #1
 141 002c FB60     		str	r3, [r7, #12]
 142              	.L5:
  78:lib/chip/STM32F4xx_StdPeriph_Driver/src/stm32f4xx_crc.c ****   {
 143              		.loc 1 78 0 is_stmt 0 discriminator 1
 144 002e FA68     		ldr	r2, [r7, #12]
 145 0030 3B68     		ldr	r3, [r7]
 146 0032 9A42     		cmp	r2, r3
 147 0034 EED3     		bcc	.L6
  81:lib/chip/STM32F4xx_StdPeriph_Driver/src/stm32f4xx_crc.c ****   }
  82:lib/chip/STM32F4xx_StdPeriph_Driver/src/stm32f4xx_crc.c ****   return (CRC->DR);
 148              		.loc 1 82 0 is_stmt 1
 149 0036 4FF44053 		mov	r3, #12288
 150 003a C4F20203 		movt	r3, 16386
 151 003e 1B68     		ldr	r3, [r3]
  83:lib/chip/STM32F4xx_StdPeriph_Driver/src/stm32f4xx_crc.c **** }
 152              		.loc 1 83 0
 153 0040 1846     		mov	r0, r3
 154 0042 1437     		adds	r7, r7, #20
 155 0044 BD46     		mov	sp, r7
 156              		@ sp needed
 157 0046 5DF8047B 		ldr	r7, [sp], #4
 158 004a 7047     		bx	lr
 159              		.cfi_endproc
 160              	.LFE112:
 162              		.section	.text.CRC_GetCRC,"ax",%progbits
 163              		.align	2
 164              		.global	CRC_GetCRC
 165              		.thumb
 166              		.thumb_func
 168              	CRC_GetCRC:
 169              	.LFB113:
  84:lib/chip/STM32F4xx_StdPeriph_Driver/src/stm32f4xx_crc.c **** 
  85:lib/chip/STM32F4xx_StdPeriph_Driver/src/stm32f4xx_crc.c **** /**
  86:lib/chip/STM32F4xx_StdPeriph_Driver/src/stm32f4xx_crc.c ****   * @brief  Returns the current CRC value.
  87:lib/chip/STM32F4xx_StdPeriph_Driver/src/stm32f4xx_crc.c ****   * @param  None
  88:lib/chip/STM32F4xx_StdPeriph_Driver/src/stm32f4xx_crc.c ****   * @retval 32-bit CRC
  89:lib/chip/STM32F4xx_StdPeriph_Driver/src/stm32f4xx_crc.c ****   */
  90:lib/chip/STM32F4xx_StdPeriph_Driver/src/stm32f4xx_crc.c **** uint32_t CRC_GetCRC(void)
  91:lib/chip/STM32F4xx_StdPeriph_Driver/src/stm32f4xx_crc.c **** {
 170              		.loc 1 91 0
 171              		.cfi_startproc
 172              		@ args = 0, pretend = 0, frame = 0
 173              		@ frame_needed = 1, uses_anonymous_args = 0
 174              		@ link register save eliminated.
 175 0000 80B4     		push	{r7}
 176              	.LCFI8:
 177              		.cfi_def_cfa_offset 4
 178              		.cfi_offset 7, -4
 179 0002 00AF     		add	r7, sp, #0
 180              	.LCFI9:
 181              		.cfi_def_cfa_register 7
  92:lib/chip/STM32F4xx_StdPeriph_Driver/src/stm32f4xx_crc.c ****   return (CRC->DR);
 182              		.loc 1 92 0
 183 0004 4FF44053 		mov	r3, #12288
 184 0008 C4F20203 		movt	r3, 16386
 185 000c 1B68     		ldr	r3, [r3]
  93:lib/chip/STM32F4xx_StdPeriph_Driver/src/stm32f4xx_crc.c **** }
 186              		.loc 1 93 0
 187 000e 1846     		mov	r0, r3
 188 0010 BD46     		mov	sp, r7
 189              		@ sp needed
 190 0012 5DF8047B 		ldr	r7, [sp], #4
 191 0016 7047     		bx	lr
 192              		.cfi_endproc
 193              	.LFE113:
 195              		.section	.text.CRC_SetIDRegister,"ax",%progbits
 196              		.align	2
 197              		.global	CRC_SetIDRegister
 198              		.thumb
 199              		.thumb_func
 201              	CRC_SetIDRegister:
 202              	.LFB114:
  94:lib/chip/STM32F4xx_StdPeriph_Driver/src/stm32f4xx_crc.c **** 
  95:lib/chip/STM32F4xx_StdPeriph_Driver/src/stm32f4xx_crc.c **** /**
  96:lib/chip/STM32F4xx_StdPeriph_Driver/src/stm32f4xx_crc.c ****   * @brief  Stores a 8-bit data in the Independent Data(ID) register.
  97:lib/chip/STM32F4xx_StdPeriph_Driver/src/stm32f4xx_crc.c ****   * @param  IDValue: 8-bit value to be stored in the ID register 					
  98:lib/chip/STM32F4xx_StdPeriph_Driver/src/stm32f4xx_crc.c ****   * @retval None
  99:lib/chip/STM32F4xx_StdPeriph_Driver/src/stm32f4xx_crc.c ****   */
 100:lib/chip/STM32F4xx_StdPeriph_Driver/src/stm32f4xx_crc.c **** void CRC_SetIDRegister(uint8_t IDValue)
 101:lib/chip/STM32F4xx_StdPeriph_Driver/src/stm32f4xx_crc.c **** {
 203              		.loc 1 101 0
 204              		.cfi_startproc
 205              		@ args = 0, pretend = 0, frame = 8
 206              		@ frame_needed = 1, uses_anonymous_args = 0
 207              		@ link register save eliminated.
 208 0000 80B4     		push	{r7}
 209              	.LCFI10:
 210              		.cfi_def_cfa_offset 4
 211              		.cfi_offset 7, -4
 212 0002 83B0     		sub	sp, sp, #12
 213              	.LCFI11:
 214              		.cfi_def_cfa_offset 16
 215 0004 00AF     		add	r7, sp, #0
 216              	.LCFI12:
 217              		.cfi_def_cfa_register 7
 218 0006 0346     		mov	r3, r0
 219 0008 FB71     		strb	r3, [r7, #7]
 102:lib/chip/STM32F4xx_StdPeriph_Driver/src/stm32f4xx_crc.c ****   CRC->IDR = IDValue;
 220              		.loc 1 102 0
 221 000a 4FF44053 		mov	r3, #12288
 222 000e C4F20203 		movt	r3, 16386
 223 0012 FA79     		ldrb	r2, [r7, #7]
 224 0014 1A71     		strb	r2, [r3, #4]
 103:lib/chip/STM32F4xx_StdPeriph_Driver/src/stm32f4xx_crc.c **** }
 225              		.loc 1 103 0
 226 0016 0C37     		adds	r7, r7, #12
 227 0018 BD46     		mov	sp, r7
 228              		@ sp needed
 229 001a 5DF8047B 		ldr	r7, [sp], #4
 230 001e 7047     		bx	lr
 231              		.cfi_endproc
 232              	.LFE114:
 234              		.section	.text.CRC_GetIDRegister,"ax",%progbits
 235              		.align	2
 236              		.global	CRC_GetIDRegister
 237              		.thumb
 238              		.thumb_func
 240              	CRC_GetIDRegister:
 241              	.LFB115:
 104:lib/chip/STM32F4xx_StdPeriph_Driver/src/stm32f4xx_crc.c **** 
 105:lib/chip/STM32F4xx_StdPeriph_Driver/src/stm32f4xx_crc.c **** /**
 106:lib/chip/STM32F4xx_StdPeriph_Driver/src/stm32f4xx_crc.c ****   * @brief  Returns the 8-bit data stored in the Independent Data(ID) register
 107:lib/chip/STM32F4xx_StdPeriph_Driver/src/stm32f4xx_crc.c ****   * @param  None
 108:lib/chip/STM32F4xx_StdPeriph_Driver/src/stm32f4xx_crc.c ****   * @retval 8-bit value of the ID register 
 109:lib/chip/STM32F4xx_StdPeriph_Driver/src/stm32f4xx_crc.c ****   */
 110:lib/chip/STM32F4xx_StdPeriph_Driver/src/stm32f4xx_crc.c **** uint8_t CRC_GetIDRegister(void)
 111:lib/chip/STM32F4xx_StdPeriph_Driver/src/stm32f4xx_crc.c **** {
 242              		.loc 1 111 0
 243              		.cfi_startproc
 244              		@ args = 0, pretend = 0, frame = 0
 245              		@ frame_needed = 1, uses_anonymous_args = 0
 246              		@ link register save eliminated.
 247 0000 80B4     		push	{r7}
 248              	.LCFI13:
 249              		.cfi_def_cfa_offset 4
 250              		.cfi_offset 7, -4
 251 0002 00AF     		add	r7, sp, #0
 252              	.LCFI14:
 253              		.cfi_def_cfa_register 7
 112:lib/chip/STM32F4xx_StdPeriph_Driver/src/stm32f4xx_crc.c ****   return (CRC->IDR);
 254              		.loc 1 112 0
 255 0004 4FF44053 		mov	r3, #12288
 256 0008 C4F20203 		movt	r3, 16386
 257 000c 1B79     		ldrb	r3, [r3, #4]
 258 000e DBB2     		uxtb	r3, r3
 113:lib/chip/STM32F4xx_StdPeriph_Driver/src/stm32f4xx_crc.c **** }
 259              		.loc 1 113 0
 260 0010 1846     		mov	r0, r3
 261 0012 BD46     		mov	sp, r7
 262              		@ sp needed
 263 0014 5DF8047B 		ldr	r7, [sp], #4
 264 0018 7047     		bx	lr
 265              		.cfi_endproc
 266              	.LFE115:
 268 001a 00BF     		.text
 269              	.Letext0:
 270              		.file 2 "/usr/include/newlib/machine/_default_types.h"
 271              		.file 3 "/usr/include/newlib/stdint.h"
 272              		.file 4 "lib/chip/CMSIS/ST/STM32F4xx/Include/stm32f4xx.h"
 273              		.file 5 "lib/chip/CMSIS/Include/core_cm4.h"
DEFINED SYMBOLS
                            *ABS*:00000000 stm32f4xx_crc.c
     /tmp/ccJuLDq4.s:20     .text.CRC_ResetDR:00000000 $t
     /tmp/ccJuLDq4.s:25     .text.CRC_ResetDR:00000000 CRC_ResetDR
     /tmp/ccJuLDq4.s:54     .text.CRC_CalcCRC:00000000 $t
     /tmp/ccJuLDq4.s:59     .text.CRC_CalcCRC:00000000 CRC_CalcCRC
     /tmp/ccJuLDq4.s:97     .text.CRC_CalcBlockCRC:00000000 $t
     /tmp/ccJuLDq4.s:102    .text.CRC_CalcBlockCRC:00000000 CRC_CalcBlockCRC
     /tmp/ccJuLDq4.s:163    .text.CRC_GetCRC:00000000 $t
     /tmp/ccJuLDq4.s:168    .text.CRC_GetCRC:00000000 CRC_GetCRC
     /tmp/ccJuLDq4.s:196    .text.CRC_SetIDRegister:00000000 $t
     /tmp/ccJuLDq4.s:201    .text.CRC_SetIDRegister:00000000 CRC_SetIDRegister
     /tmp/ccJuLDq4.s:235    .text.CRC_GetIDRegister:00000000 $t
     /tmp/ccJuLDq4.s:240    .text.CRC_GetIDRegister:00000000 CRC_GetIDRegister
                     .debug_frame:00000010 $d

NO UNDEFINED SYMBOLS
