   1              		.syntax unified
   2              		.cpu cortex-m4
   3              		.eabi_attribute 27, 3
   4              		.fpu fpv4-sp-d16
   5              		.eabi_attribute 20, 1
   6              		.eabi_attribute 21, 1
   7              		.eabi_attribute 23, 3
   8              		.eabi_attribute 24, 1
   9              		.eabi_attribute 25, 1
  10              		.eabi_attribute 26, 1
  11              		.eabi_attribute 30, 6
  12              		.eabi_attribute 34, 1
  13              		.eabi_attribute 18, 4
  14              		.thumb
  15              		.file	"stm32f4xx_syscfg.c"
  16              		.text
  17              	.Ltext0:
  18              		.cfi_sections	.debug_frame
  19              		.section	.text.SYSCFG_DeInit,"ax",%progbits
  20              		.align	2
  21              		.global	SYSCFG_DeInit
  22              		.thumb
  23              		.thumb_func
  25              	SYSCFG_DeInit:
  26              	.LFB110:
  27              		.file 1 "lib/chip/STM32F4xx_StdPeriph_Driver/src/stm32f4xx_syscfg.c"
   1:lib/chip/STM32F4xx_StdPeriph_Driver/src/stm32f4xx_syscfg.c **** /**
   2:lib/chip/STM32F4xx_StdPeriph_Driver/src/stm32f4xx_syscfg.c ****   ******************************************************************************
   3:lib/chip/STM32F4xx_StdPeriph_Driver/src/stm32f4xx_syscfg.c ****   * @file    stm32f4xx_syscfg.c
   4:lib/chip/STM32F4xx_StdPeriph_Driver/src/stm32f4xx_syscfg.c ****   * @author  MCD Application Team
   5:lib/chip/STM32F4xx_StdPeriph_Driver/src/stm32f4xx_syscfg.c ****   * @version V1.0.0
   6:lib/chip/STM32F4xx_StdPeriph_Driver/src/stm32f4xx_syscfg.c ****   * @date    30-September-2011
   7:lib/chip/STM32F4xx_StdPeriph_Driver/src/stm32f4xx_syscfg.c ****   * @brief   This file provides firmware functions to manage the SYSCFG peripheral.
   8:lib/chip/STM32F4xx_StdPeriph_Driver/src/stm32f4xx_syscfg.c ****   *
   9:lib/chip/STM32F4xx_StdPeriph_Driver/src/stm32f4xx_syscfg.c ****   *  @verbatim
  10:lib/chip/STM32F4xx_StdPeriph_Driver/src/stm32f4xx_syscfg.c ****   *  
  11:lib/chip/STM32F4xx_StdPeriph_Driver/src/stm32f4xx_syscfg.c ****   *          ===================================================================
  12:lib/chip/STM32F4xx_StdPeriph_Driver/src/stm32f4xx_syscfg.c ****   *                                 How to use this driver
  13:lib/chip/STM32F4xx_StdPeriph_Driver/src/stm32f4xx_syscfg.c ****   *          ===================================================================
  14:lib/chip/STM32F4xx_StdPeriph_Driver/src/stm32f4xx_syscfg.c ****   *                  
  15:lib/chip/STM32F4xx_StdPeriph_Driver/src/stm32f4xx_syscfg.c ****   *          This driver provides functions for:
  16:lib/chip/STM32F4xx_StdPeriph_Driver/src/stm32f4xx_syscfg.c ****   *          
  17:lib/chip/STM32F4xx_StdPeriph_Driver/src/stm32f4xx_syscfg.c ****   *          1. Remapping the memory accessible in the code area using SYSCFG_MemoryRemapConfig()
  18:lib/chip/STM32F4xx_StdPeriph_Driver/src/stm32f4xx_syscfg.c ****   *              
  19:lib/chip/STM32F4xx_StdPeriph_Driver/src/stm32f4xx_syscfg.c ****   *          2. Manage the EXTI lines connection to the GPIOs using SYSCFG_EXTILineConfig()
  20:lib/chip/STM32F4xx_StdPeriph_Driver/src/stm32f4xx_syscfg.c ****   *            
  21:lib/chip/STM32F4xx_StdPeriph_Driver/src/stm32f4xx_syscfg.c ****   *          3. Select the ETHERNET media interface (RMII/RII) using SYSCFG_ETH_MediaInterfaceConfi
  22:lib/chip/STM32F4xx_StdPeriph_Driver/src/stm32f4xx_syscfg.c ****   *
  23:lib/chip/STM32F4xx_StdPeriph_Driver/src/stm32f4xx_syscfg.c ****   *  @note  SYSCFG APB clock must be enabled to get write access to SYSCFG registers,
  24:lib/chip/STM32F4xx_StdPeriph_Driver/src/stm32f4xx_syscfg.c ****   *         using RCC_APB2PeriphClockCmd(RCC_APB2Periph_SYSCFG, ENABLE);
  25:lib/chip/STM32F4xx_StdPeriph_Driver/src/stm32f4xx_syscfg.c ****   *                 
  26:lib/chip/STM32F4xx_StdPeriph_Driver/src/stm32f4xx_syscfg.c ****   *  @endverbatim
  27:lib/chip/STM32F4xx_StdPeriph_Driver/src/stm32f4xx_syscfg.c ****   *      
  28:lib/chip/STM32F4xx_StdPeriph_Driver/src/stm32f4xx_syscfg.c ****   ******************************************************************************
  29:lib/chip/STM32F4xx_StdPeriph_Driver/src/stm32f4xx_syscfg.c ****   * @attention
  30:lib/chip/STM32F4xx_StdPeriph_Driver/src/stm32f4xx_syscfg.c ****   *
  31:lib/chip/STM32F4xx_StdPeriph_Driver/src/stm32f4xx_syscfg.c ****   * THE PRESENT FIRMWARE WHICH IS FOR GUIDANCE ONLY AIMS AT PROVIDING CUSTOMERS
  32:lib/chip/STM32F4xx_StdPeriph_Driver/src/stm32f4xx_syscfg.c ****   * WITH CODING INFORMATION REGARDING THEIR PRODUCTS IN ORDER FOR THEM TO SAVE
  33:lib/chip/STM32F4xx_StdPeriph_Driver/src/stm32f4xx_syscfg.c ****   * TIME. AS A RESULT, STMICROELECTRONICS SHALL NOT BE HELD LIABLE FOR ANY
  34:lib/chip/STM32F4xx_StdPeriph_Driver/src/stm32f4xx_syscfg.c ****   * DIRECT, INDIRECT OR CONSEQUENTIAL DAMAGES WITH RESPECT TO ANY CLAIMS ARISING
  35:lib/chip/STM32F4xx_StdPeriph_Driver/src/stm32f4xx_syscfg.c ****   * FROM THE CONTENT OF SUCH FIRMWARE AND/OR THE USE MADE BY CUSTOMERS OF THE
  36:lib/chip/STM32F4xx_StdPeriph_Driver/src/stm32f4xx_syscfg.c ****   * CODING INFORMATION CONTAINED HEREIN IN CONNECTION WITH THEIR PRODUCTS.
  37:lib/chip/STM32F4xx_StdPeriph_Driver/src/stm32f4xx_syscfg.c ****   *
  38:lib/chip/STM32F4xx_StdPeriph_Driver/src/stm32f4xx_syscfg.c ****   * <h2><center>&copy; COPYRIGHT 2011 STMicroelectronics</center></h2>
  39:lib/chip/STM32F4xx_StdPeriph_Driver/src/stm32f4xx_syscfg.c ****   ******************************************************************************
  40:lib/chip/STM32F4xx_StdPeriph_Driver/src/stm32f4xx_syscfg.c ****   */
  41:lib/chip/STM32F4xx_StdPeriph_Driver/src/stm32f4xx_syscfg.c **** 
  42:lib/chip/STM32F4xx_StdPeriph_Driver/src/stm32f4xx_syscfg.c **** /* Includes ------------------------------------------------------------------*/
  43:lib/chip/STM32F4xx_StdPeriph_Driver/src/stm32f4xx_syscfg.c **** #include "stm32f4xx_syscfg.h"
  44:lib/chip/STM32F4xx_StdPeriph_Driver/src/stm32f4xx_syscfg.c **** #include "stm32f4xx_rcc.h"
  45:lib/chip/STM32F4xx_StdPeriph_Driver/src/stm32f4xx_syscfg.c **** 
  46:lib/chip/STM32F4xx_StdPeriph_Driver/src/stm32f4xx_syscfg.c **** /** @addtogroup STM32F4xx_StdPeriph_Driver
  47:lib/chip/STM32F4xx_StdPeriph_Driver/src/stm32f4xx_syscfg.c ****   * @{
  48:lib/chip/STM32F4xx_StdPeriph_Driver/src/stm32f4xx_syscfg.c ****   */
  49:lib/chip/STM32F4xx_StdPeriph_Driver/src/stm32f4xx_syscfg.c **** 
  50:lib/chip/STM32F4xx_StdPeriph_Driver/src/stm32f4xx_syscfg.c **** /** @defgroup SYSCFG 
  51:lib/chip/STM32F4xx_StdPeriph_Driver/src/stm32f4xx_syscfg.c ****   * @brief SYSCFG driver modules
  52:lib/chip/STM32F4xx_StdPeriph_Driver/src/stm32f4xx_syscfg.c ****   * @{
  53:lib/chip/STM32F4xx_StdPeriph_Driver/src/stm32f4xx_syscfg.c ****   */ 
  54:lib/chip/STM32F4xx_StdPeriph_Driver/src/stm32f4xx_syscfg.c **** 
  55:lib/chip/STM32F4xx_StdPeriph_Driver/src/stm32f4xx_syscfg.c **** /* Private typedef -----------------------------------------------------------*/
  56:lib/chip/STM32F4xx_StdPeriph_Driver/src/stm32f4xx_syscfg.c **** /* Private define ------------------------------------------------------------*/
  57:lib/chip/STM32F4xx_StdPeriph_Driver/src/stm32f4xx_syscfg.c **** /* ------------ RCC registers bit address in the alias region ----------- */
  58:lib/chip/STM32F4xx_StdPeriph_Driver/src/stm32f4xx_syscfg.c **** #define SYSCFG_OFFSET             (SYSCFG_BASE - PERIPH_BASE)
  59:lib/chip/STM32F4xx_StdPeriph_Driver/src/stm32f4xx_syscfg.c **** /* ---  PMC Register ---*/ 
  60:lib/chip/STM32F4xx_StdPeriph_Driver/src/stm32f4xx_syscfg.c **** /* Alias word address of MII_RMII_SEL bit */ 
  61:lib/chip/STM32F4xx_StdPeriph_Driver/src/stm32f4xx_syscfg.c **** #define PMC_OFFSET                (SYSCFG_OFFSET + 0x04) 
  62:lib/chip/STM32F4xx_StdPeriph_Driver/src/stm32f4xx_syscfg.c **** #define MII_RMII_SEL_BitNumber    ((uint8_t)0x17) 
  63:lib/chip/STM32F4xx_StdPeriph_Driver/src/stm32f4xx_syscfg.c **** #define PMC_MII_RMII_SEL_BB       (PERIPH_BB_BASE + (PMC_OFFSET * 32) + (MII_RMII_SEL_BitNumber * 4
  64:lib/chip/STM32F4xx_StdPeriph_Driver/src/stm32f4xx_syscfg.c **** 
  65:lib/chip/STM32F4xx_StdPeriph_Driver/src/stm32f4xx_syscfg.c **** /* ---  CMPCR Register ---*/ 
  66:lib/chip/STM32F4xx_StdPeriph_Driver/src/stm32f4xx_syscfg.c **** /* Alias word address of CMP_PD bit */ 
  67:lib/chip/STM32F4xx_StdPeriph_Driver/src/stm32f4xx_syscfg.c **** #define CMPCR_OFFSET              (SYSCFG_OFFSET + 0x20) 
  68:lib/chip/STM32F4xx_StdPeriph_Driver/src/stm32f4xx_syscfg.c **** #define CMP_PD_BitNumber          ((uint8_t)0x00) 
  69:lib/chip/STM32F4xx_StdPeriph_Driver/src/stm32f4xx_syscfg.c **** #define CMPCR_CMP_PD_BB           (PERIPH_BB_BASE + (CMPCR_OFFSET * 32) + (CMP_PD_BitNumber * 4)) 
  70:lib/chip/STM32F4xx_StdPeriph_Driver/src/stm32f4xx_syscfg.c **** 
  71:lib/chip/STM32F4xx_StdPeriph_Driver/src/stm32f4xx_syscfg.c **** /* Private macro -------------------------------------------------------------*/
  72:lib/chip/STM32F4xx_StdPeriph_Driver/src/stm32f4xx_syscfg.c **** /* Private variables ---------------------------------------------------------*/
  73:lib/chip/STM32F4xx_StdPeriph_Driver/src/stm32f4xx_syscfg.c **** /* Private function prototypes -----------------------------------------------*/
  74:lib/chip/STM32F4xx_StdPeriph_Driver/src/stm32f4xx_syscfg.c **** /* Private functions ---------------------------------------------------------*/
  75:lib/chip/STM32F4xx_StdPeriph_Driver/src/stm32f4xx_syscfg.c **** 
  76:lib/chip/STM32F4xx_StdPeriph_Driver/src/stm32f4xx_syscfg.c **** /** @defgroup SYSCFG_Private_Functions
  77:lib/chip/STM32F4xx_StdPeriph_Driver/src/stm32f4xx_syscfg.c ****   * @{
  78:lib/chip/STM32F4xx_StdPeriph_Driver/src/stm32f4xx_syscfg.c ****   */ 
  79:lib/chip/STM32F4xx_StdPeriph_Driver/src/stm32f4xx_syscfg.c **** 
  80:lib/chip/STM32F4xx_StdPeriph_Driver/src/stm32f4xx_syscfg.c **** /**
  81:lib/chip/STM32F4xx_StdPeriph_Driver/src/stm32f4xx_syscfg.c ****   * @brief  Deinitializes the Alternate Functions (remap and EXTI configuration)
  82:lib/chip/STM32F4xx_StdPeriph_Driver/src/stm32f4xx_syscfg.c ****   *   registers to their default reset values.
  83:lib/chip/STM32F4xx_StdPeriph_Driver/src/stm32f4xx_syscfg.c ****   * @param  None
  84:lib/chip/STM32F4xx_StdPeriph_Driver/src/stm32f4xx_syscfg.c ****   * @retval None
  85:lib/chip/STM32F4xx_StdPeriph_Driver/src/stm32f4xx_syscfg.c ****   */
  86:lib/chip/STM32F4xx_StdPeriph_Driver/src/stm32f4xx_syscfg.c **** void SYSCFG_DeInit(void)
  87:lib/chip/STM32F4xx_StdPeriph_Driver/src/stm32f4xx_syscfg.c **** {
  28              		.loc 1 87 0
  29              		.cfi_startproc
  30              		@ args = 0, pretend = 0, frame = 0
  31              		@ frame_needed = 1, uses_anonymous_args = 0
  32 0000 80B5     		push	{r7, lr}
  33              	.LCFI0:
  34              		.cfi_def_cfa_offset 8
  35              		.cfi_offset 7, -8
  36              		.cfi_offset 14, -4
  37 0002 00AF     		add	r7, sp, #0
  38              	.LCFI1:
  39              		.cfi_def_cfa_register 7
  88:lib/chip/STM32F4xx_StdPeriph_Driver/src/stm32f4xx_syscfg.c ****    RCC_APB2PeriphResetCmd(RCC_APB2Periph_SYSCFG, ENABLE);
  40              		.loc 1 88 0
  41 0004 4FF48040 		mov	r0, #16384
  42 0008 0121     		movs	r1, #1
  43 000a FFF7FEFF 		bl	RCC_APB2PeriphResetCmd
  89:lib/chip/STM32F4xx_StdPeriph_Driver/src/stm32f4xx_syscfg.c ****    RCC_APB2PeriphResetCmd(RCC_APB2Periph_SYSCFG, DISABLE);
  44              		.loc 1 89 0
  45 000e 4FF48040 		mov	r0, #16384
  46 0012 0021     		movs	r1, #0
  47 0014 FFF7FEFF 		bl	RCC_APB2PeriphResetCmd
  90:lib/chip/STM32F4xx_StdPeriph_Driver/src/stm32f4xx_syscfg.c **** }
  48              		.loc 1 90 0
  49 0018 80BD     		pop	{r7, pc}
  50              		.cfi_endproc
  51              	.LFE110:
  53 001a 00BF     		.section	.rodata
  54              		.align	2
  55              	.LC0:
  56 0000 6C69622F 		.ascii	"lib/chip/STM32F4xx_StdPeriph_Driver/src/stm32f4xx_s"
  56      63686970 
  56      2F53544D 
  56      33324634 
  56      78785F53 
  57 0033 79736366 		.ascii	"yscfg.c\000"
  57      672E6300 
  58 003b 00       		.section	.text.SYSCFG_MemoryRemapConfig,"ax",%progbits
  59              		.align	2
  60              		.global	SYSCFG_MemoryRemapConfig
  61              		.thumb
  62              		.thumb_func
  64              	SYSCFG_MemoryRemapConfig:
  65              	.LFB111:
  91:lib/chip/STM32F4xx_StdPeriph_Driver/src/stm32f4xx_syscfg.c **** 
  92:lib/chip/STM32F4xx_StdPeriph_Driver/src/stm32f4xx_syscfg.c **** /**
  93:lib/chip/STM32F4xx_StdPeriph_Driver/src/stm32f4xx_syscfg.c ****   * @brief  Changes the mapping of the specified pin.
  94:lib/chip/STM32F4xx_StdPeriph_Driver/src/stm32f4xx_syscfg.c ****   * @param  SYSCFG_Memory: selects the memory remapping.
  95:lib/chip/STM32F4xx_StdPeriph_Driver/src/stm32f4xx_syscfg.c ****   *         This parameter can be one of the following values:
  96:lib/chip/STM32F4xx_StdPeriph_Driver/src/stm32f4xx_syscfg.c ****   *            @arg SYSCFG_MemoryRemap_Flash:       Main Flash memory mapped at 0x00000000  
  97:lib/chip/STM32F4xx_StdPeriph_Driver/src/stm32f4xx_syscfg.c ****   *            @arg SYSCFG_MemoryRemap_SystemFlash: System Flash memory mapped at 0x00000000
  98:lib/chip/STM32F4xx_StdPeriph_Driver/src/stm32f4xx_syscfg.c ****   *            @arg SYSCFG_MemoryRemap_FSMC:        FSMC (Bank1 (NOR/PSRAM 1 and 2) mapped at 0x000
  99:lib/chip/STM32F4xx_StdPeriph_Driver/src/stm32f4xx_syscfg.c ****   *            @arg SYSCFG_MemoryRemap_SRAM:        Embedded SRAM (112kB) mapped at 0x00000000
 100:lib/chip/STM32F4xx_StdPeriph_Driver/src/stm32f4xx_syscfg.c ****   * @retval None
 101:lib/chip/STM32F4xx_StdPeriph_Driver/src/stm32f4xx_syscfg.c ****   */
 102:lib/chip/STM32F4xx_StdPeriph_Driver/src/stm32f4xx_syscfg.c **** void SYSCFG_MemoryRemapConfig(uint8_t SYSCFG_MemoryRemap)
 103:lib/chip/STM32F4xx_StdPeriph_Driver/src/stm32f4xx_syscfg.c **** {
  66              		.loc 1 103 0
  67              		.cfi_startproc
  68              		@ args = 0, pretend = 0, frame = 8
  69              		@ frame_needed = 1, uses_anonymous_args = 0
  70 0000 80B5     		push	{r7, lr}
  71              	.LCFI2:
  72              		.cfi_def_cfa_offset 8
  73              		.cfi_offset 7, -8
  74              		.cfi_offset 14, -4
  75 0002 82B0     		sub	sp, sp, #8
  76              	.LCFI3:
  77              		.cfi_def_cfa_offset 16
  78 0004 00AF     		add	r7, sp, #0
  79              	.LCFI4:
  80              		.cfi_def_cfa_register 7
  81 0006 0346     		mov	r3, r0
  82 0008 FB71     		strb	r3, [r7, #7]
 104:lib/chip/STM32F4xx_StdPeriph_Driver/src/stm32f4xx_syscfg.c ****   /* Check the parameters */
 105:lib/chip/STM32F4xx_StdPeriph_Driver/src/stm32f4xx_syscfg.c ****   assert_param(IS_SYSCFG_MEMORY_REMAP_CONFING(SYSCFG_MemoryRemap));
  83              		.loc 1 105 0
  84 000a FB79     		ldrb	r3, [r7, #7]	@ zero_extendqisi2
  85 000c 002B     		cmp	r3, #0
  86 000e 0FD0     		beq	.L3
  87              		.loc 1 105 0 is_stmt 0 discriminator 1
  88 0010 FB79     		ldrb	r3, [r7, #7]	@ zero_extendqisi2
  89 0012 012B     		cmp	r3, #1
  90 0014 0CD0     		beq	.L3
  91 0016 FB79     		ldrb	r3, [r7, #7]	@ zero_extendqisi2
  92 0018 032B     		cmp	r3, #3
  93 001a 09D0     		beq	.L3
  94 001c FB79     		ldrb	r3, [r7, #7]	@ zero_extendqisi2
  95 001e 022B     		cmp	r3, #2
  96 0020 06D0     		beq	.L3
  97 0022 40F20000 		movw	r0, #:lower16:.LC0
  98 0026 C0F20000 		movt	r0, #:upper16:.LC0
  99 002a 6921     		movs	r1, #105
 100 002c FFF7FEFF 		bl	assert_failed
 101              	.L3:
 106:lib/chip/STM32F4xx_StdPeriph_Driver/src/stm32f4xx_syscfg.c **** 
 107:lib/chip/STM32F4xx_StdPeriph_Driver/src/stm32f4xx_syscfg.c ****   SYSCFG->MEMRMP = SYSCFG_MemoryRemap;
 102              		.loc 1 107 0 is_stmt 1
 103 0030 4FF46053 		mov	r3, #14336
 104 0034 C4F20103 		movt	r3, 16385
 105 0038 FA79     		ldrb	r2, [r7, #7]	@ zero_extendqisi2
 106 003a 1A60     		str	r2, [r3]
 108:lib/chip/STM32F4xx_StdPeriph_Driver/src/stm32f4xx_syscfg.c **** }
 107              		.loc 1 108 0
 108 003c 0837     		adds	r7, r7, #8
 109 003e BD46     		mov	sp, r7
 110              		@ sp needed
 111 0040 80BD     		pop	{r7, pc}
 112              		.cfi_endproc
 113              	.LFE111:
 115 0042 00BF     		.section	.text.SYSCFG_EXTILineConfig,"ax",%progbits
 116              		.align	2
 117              		.global	SYSCFG_EXTILineConfig
 118              		.thumb
 119              		.thumb_func
 121              	SYSCFG_EXTILineConfig:
 122              	.LFB112:
 109:lib/chip/STM32F4xx_StdPeriph_Driver/src/stm32f4xx_syscfg.c **** 
 110:lib/chip/STM32F4xx_StdPeriph_Driver/src/stm32f4xx_syscfg.c **** /**
 111:lib/chip/STM32F4xx_StdPeriph_Driver/src/stm32f4xx_syscfg.c ****   * @brief  Selects the GPIO pin used as EXTI Line.
 112:lib/chip/STM32F4xx_StdPeriph_Driver/src/stm32f4xx_syscfg.c ****   * @param  EXTI_PortSourceGPIOx : selects the GPIO port to be used as source for
 113:lib/chip/STM32F4xx_StdPeriph_Driver/src/stm32f4xx_syscfg.c ****   *          EXTI lines where x can be (A..I).
 114:lib/chip/STM32F4xx_StdPeriph_Driver/src/stm32f4xx_syscfg.c ****   * @param  EXTI_PinSourcex: specifies the EXTI line to be configured.
 115:lib/chip/STM32F4xx_StdPeriph_Driver/src/stm32f4xx_syscfg.c ****   *           This parameter can be EXTI_PinSourcex where x can be (0..15, except
 116:lib/chip/STM32F4xx_StdPeriph_Driver/src/stm32f4xx_syscfg.c ****   *           for EXTI_PortSourceGPIOI x can be (0..11).
 117:lib/chip/STM32F4xx_StdPeriph_Driver/src/stm32f4xx_syscfg.c ****   * @retval None
 118:lib/chip/STM32F4xx_StdPeriph_Driver/src/stm32f4xx_syscfg.c ****   */
 119:lib/chip/STM32F4xx_StdPeriph_Driver/src/stm32f4xx_syscfg.c **** void SYSCFG_EXTILineConfig(uint8_t EXTI_PortSourceGPIOx, uint8_t EXTI_PinSourcex)
 120:lib/chip/STM32F4xx_StdPeriph_Driver/src/stm32f4xx_syscfg.c **** {
 123              		.loc 1 120 0
 124              		.cfi_startproc
 125              		@ args = 0, pretend = 0, frame = 16
 126              		@ frame_needed = 1, uses_anonymous_args = 0
 127 0000 90B5     		push	{r4, r7, lr}
 128              	.LCFI5:
 129              		.cfi_def_cfa_offset 12
 130              		.cfi_offset 4, -12
 131              		.cfi_offset 7, -8
 132              		.cfi_offset 14, -4
 133 0002 85B0     		sub	sp, sp, #20
 134              	.LCFI6:
 135              		.cfi_def_cfa_offset 32
 136 0004 00AF     		add	r7, sp, #0
 137              	.LCFI7:
 138              		.cfi_def_cfa_register 7
 139 0006 0246     		mov	r2, r0
 140 0008 0B46     		mov	r3, r1
 141 000a FA71     		strb	r2, [r7, #7]
 142 000c BB71     		strb	r3, [r7, #6]
 121:lib/chip/STM32F4xx_StdPeriph_Driver/src/stm32f4xx_syscfg.c ****   uint32_t tmp = 0x00;
 143              		.loc 1 121 0
 144 000e 0023     		movs	r3, #0
 145 0010 FB60     		str	r3, [r7, #12]
 122:lib/chip/STM32F4xx_StdPeriph_Driver/src/stm32f4xx_syscfg.c **** 
 123:lib/chip/STM32F4xx_StdPeriph_Driver/src/stm32f4xx_syscfg.c ****   /* Check the parameters */
 124:lib/chip/STM32F4xx_StdPeriph_Driver/src/stm32f4xx_syscfg.c ****   assert_param(IS_EXTI_PORT_SOURCE(EXTI_PortSourceGPIOx));
 146              		.loc 1 124 0
 147 0012 FB79     		ldrb	r3, [r7, #7]	@ zero_extendqisi2
 148 0014 002B     		cmp	r3, #0
 149 0016 1ED0     		beq	.L5
 150              		.loc 1 124 0 is_stmt 0 discriminator 1
 151 0018 FB79     		ldrb	r3, [r7, #7]	@ zero_extendqisi2
 152 001a 012B     		cmp	r3, #1
 153 001c 1BD0     		beq	.L5
 154 001e FB79     		ldrb	r3, [r7, #7]	@ zero_extendqisi2
 155 0020 022B     		cmp	r3, #2
 156 0022 18D0     		beq	.L5
 157 0024 FB79     		ldrb	r3, [r7, #7]	@ zero_extendqisi2
 158 0026 032B     		cmp	r3, #3
 159 0028 15D0     		beq	.L5
 160 002a FB79     		ldrb	r3, [r7, #7]	@ zero_extendqisi2
 161 002c 042B     		cmp	r3, #4
 162 002e 12D0     		beq	.L5
 163 0030 FB79     		ldrb	r3, [r7, #7]	@ zero_extendqisi2
 164 0032 052B     		cmp	r3, #5
 165 0034 0FD0     		beq	.L5
 166 0036 FB79     		ldrb	r3, [r7, #7]	@ zero_extendqisi2
 167 0038 062B     		cmp	r3, #6
 168 003a 0CD0     		beq	.L5
 169 003c FB79     		ldrb	r3, [r7, #7]	@ zero_extendqisi2
 170 003e 072B     		cmp	r3, #7
 171 0040 09D0     		beq	.L5
 172 0042 FB79     		ldrb	r3, [r7, #7]	@ zero_extendqisi2
 173 0044 082B     		cmp	r3, #8
 174 0046 06D0     		beq	.L5
 175 0048 40F20000 		movw	r0, #:lower16:.LC0
 176 004c C0F20000 		movt	r0, #:upper16:.LC0
 177 0050 7C21     		movs	r1, #124
 178 0052 FFF7FEFF 		bl	assert_failed
 179              	.L5:
 125:lib/chip/STM32F4xx_StdPeriph_Driver/src/stm32f4xx_syscfg.c ****   assert_param(IS_EXTI_PIN_SOURCE(EXTI_PinSourcex));
 180              		.loc 1 125 0 is_stmt 1
 181 0056 BB79     		ldrb	r3, [r7, #6]	@ zero_extendqisi2
 182 0058 002B     		cmp	r3, #0
 183 005a 33D0     		beq	.L6
 184              		.loc 1 125 0 is_stmt 0 discriminator 1
 185 005c BB79     		ldrb	r3, [r7, #6]	@ zero_extendqisi2
 186 005e 012B     		cmp	r3, #1
 187 0060 30D0     		beq	.L6
 188 0062 BB79     		ldrb	r3, [r7, #6]	@ zero_extendqisi2
 189 0064 022B     		cmp	r3, #2
 190 0066 2DD0     		beq	.L6
 191 0068 BB79     		ldrb	r3, [r7, #6]	@ zero_extendqisi2
 192 006a 032B     		cmp	r3, #3
 193 006c 2AD0     		beq	.L6
 194 006e BB79     		ldrb	r3, [r7, #6]	@ zero_extendqisi2
 195 0070 042B     		cmp	r3, #4
 196 0072 27D0     		beq	.L6
 197 0074 BB79     		ldrb	r3, [r7, #6]	@ zero_extendqisi2
 198 0076 052B     		cmp	r3, #5
 199 0078 24D0     		beq	.L6
 200 007a BB79     		ldrb	r3, [r7, #6]	@ zero_extendqisi2
 201 007c 062B     		cmp	r3, #6
 202 007e 21D0     		beq	.L6
 203 0080 BB79     		ldrb	r3, [r7, #6]	@ zero_extendqisi2
 204 0082 072B     		cmp	r3, #7
 205 0084 1ED0     		beq	.L6
 206 0086 BB79     		ldrb	r3, [r7, #6]	@ zero_extendqisi2
 207 0088 082B     		cmp	r3, #8
 208 008a 1BD0     		beq	.L6
 209 008c BB79     		ldrb	r3, [r7, #6]	@ zero_extendqisi2
 210 008e 092B     		cmp	r3, #9
 211 0090 18D0     		beq	.L6
 212 0092 BB79     		ldrb	r3, [r7, #6]	@ zero_extendqisi2
 213 0094 0A2B     		cmp	r3, #10
 214 0096 15D0     		beq	.L6
 215 0098 BB79     		ldrb	r3, [r7, #6]	@ zero_extendqisi2
 216 009a 0B2B     		cmp	r3, #11
 217 009c 12D0     		beq	.L6
 218 009e BB79     		ldrb	r3, [r7, #6]	@ zero_extendqisi2
 219 00a0 0C2B     		cmp	r3, #12
 220 00a2 0FD0     		beq	.L6
 221 00a4 BB79     		ldrb	r3, [r7, #6]	@ zero_extendqisi2
 222 00a6 0D2B     		cmp	r3, #13
 223 00a8 0CD0     		beq	.L6
 224 00aa BB79     		ldrb	r3, [r7, #6]	@ zero_extendqisi2
 225 00ac 0E2B     		cmp	r3, #14
 226 00ae 09D0     		beq	.L6
 227 00b0 BB79     		ldrb	r3, [r7, #6]	@ zero_extendqisi2
 228 00b2 0F2B     		cmp	r3, #15
 229 00b4 06D0     		beq	.L6
 230 00b6 40F20000 		movw	r0, #:lower16:.LC0
 231 00ba C0F20000 		movt	r0, #:upper16:.LC0
 232 00be 7D21     		movs	r1, #125
 233 00c0 FFF7FEFF 		bl	assert_failed
 234              	.L6:
 126:lib/chip/STM32F4xx_StdPeriph_Driver/src/stm32f4xx_syscfg.c **** 
 127:lib/chip/STM32F4xx_StdPeriph_Driver/src/stm32f4xx_syscfg.c ****   tmp = ((uint32_t)0x0F) << (0x04 * (EXTI_PinSourcex & (uint8_t)0x03));
 235              		.loc 1 127 0 is_stmt 1
 236 00c4 BB79     		ldrb	r3, [r7, #6]	@ zero_extendqisi2
 237 00c6 03F00303 		and	r3, r3, #3
 238 00ca 9B00     		lsls	r3, r3, #2
 239 00cc 0F22     		movs	r2, #15
 240 00ce 02FA03F3 		lsl	r3, r2, r3
 241 00d2 FB60     		str	r3, [r7, #12]
 128:lib/chip/STM32F4xx_StdPeriph_Driver/src/stm32f4xx_syscfg.c ****   SYSCFG->EXTICR[EXTI_PinSourcex >> 0x02] &= ~tmp;
 242              		.loc 1 128 0
 243 00d4 4FF46053 		mov	r3, #14336
 244 00d8 C4F20103 		movt	r3, 16385
 245 00dc BA79     		ldrb	r2, [r7, #6]	@ zero_extendqisi2
 246 00de 9208     		lsrs	r2, r2, #2
 247 00e0 D2B2     		uxtb	r2, r2
 248 00e2 1046     		mov	r0, r2
 249 00e4 4FF46052 		mov	r2, #14336
 250 00e8 C4F20102 		movt	r2, 16385
 251 00ec B979     		ldrb	r1, [r7, #6]	@ zero_extendqisi2
 252 00ee 8908     		lsrs	r1, r1, #2
 253 00f0 C9B2     		uxtb	r1, r1
 254 00f2 0231     		adds	r1, r1, #2
 255 00f4 52F82110 		ldr	r1, [r2, r1, lsl #2]
 256 00f8 FA68     		ldr	r2, [r7, #12]
 257 00fa D243     		mvns	r2, r2
 258 00fc 1140     		ands	r1, r1, r2
 259 00fe 821C     		adds	r2, r0, #2
 260 0100 43F82210 		str	r1, [r3, r2, lsl #2]
 129:lib/chip/STM32F4xx_StdPeriph_Driver/src/stm32f4xx_syscfg.c ****   SYSCFG->EXTICR[EXTI_PinSourcex >> 0x02] |= (((uint32_t)EXTI_PortSourceGPIOx) << (0x04 * (EXTI_Pin
 261              		.loc 1 129 0
 262 0104 4FF46053 		mov	r3, #14336
 263 0108 C4F20103 		movt	r3, 16385
 264 010c BA79     		ldrb	r2, [r7, #6]	@ zero_extendqisi2
 265 010e 9208     		lsrs	r2, r2, #2
 266 0110 D2B2     		uxtb	r2, r2
 267 0112 1046     		mov	r0, r2
 268 0114 4FF46052 		mov	r2, #14336
 269 0118 C4F20102 		movt	r2, 16385
 270 011c B979     		ldrb	r1, [r7, #6]	@ zero_extendqisi2
 271 011e 8908     		lsrs	r1, r1, #2
 272 0120 C9B2     		uxtb	r1, r1
 273 0122 0231     		adds	r1, r1, #2
 274 0124 52F82110 		ldr	r1, [r2, r1, lsl #2]
 275 0128 FC79     		ldrb	r4, [r7, #7]	@ zero_extendqisi2
 276 012a BA79     		ldrb	r2, [r7, #6]	@ zero_extendqisi2
 277 012c 02F00302 		and	r2, r2, #3
 278 0130 9200     		lsls	r2, r2, #2
 279 0132 04FA02F2 		lsl	r2, r4, r2
 280 0136 1143     		orrs	r1, r1, r2
 281 0138 821C     		adds	r2, r0, #2
 282 013a 43F82210 		str	r1, [r3, r2, lsl #2]
 130:lib/chip/STM32F4xx_StdPeriph_Driver/src/stm32f4xx_syscfg.c **** }
 283              		.loc 1 130 0
 284 013e 1437     		adds	r7, r7, #20
 285 0140 BD46     		mov	sp, r7
 286              		@ sp needed
 287 0142 90BD     		pop	{r4, r7, pc}
 288              		.cfi_endproc
 289              	.LFE112:
 291              		.section	.text.SYSCFG_ETH_MediaInterfaceConfig,"ax",%progbits
 292              		.align	2
 293              		.global	SYSCFG_ETH_MediaInterfaceConfig
 294              		.thumb
 295              		.thumb_func
 297              	SYSCFG_ETH_MediaInterfaceConfig:
 298              	.LFB113:
 131:lib/chip/STM32F4xx_StdPeriph_Driver/src/stm32f4xx_syscfg.c **** 
 132:lib/chip/STM32F4xx_StdPeriph_Driver/src/stm32f4xx_syscfg.c **** /**
 133:lib/chip/STM32F4xx_StdPeriph_Driver/src/stm32f4xx_syscfg.c ****   * @brief  Selects the ETHERNET media interface 
 134:lib/chip/STM32F4xx_StdPeriph_Driver/src/stm32f4xx_syscfg.c ****   * @param  SYSCFG_ETH_MediaInterface: specifies the Media Interface mode. 
 135:lib/chip/STM32F4xx_StdPeriph_Driver/src/stm32f4xx_syscfg.c ****   *          This parameter can be one of the following values: 
 136:lib/chip/STM32F4xx_StdPeriph_Driver/src/stm32f4xx_syscfg.c ****   *            @arg SYSCFG_ETH_MediaInterface_MII: MII mode selected
 137:lib/chip/STM32F4xx_StdPeriph_Driver/src/stm32f4xx_syscfg.c ****   *            @arg SYSCFG_ETH_MediaInterface_RMII: RMII mode selected 
 138:lib/chip/STM32F4xx_StdPeriph_Driver/src/stm32f4xx_syscfg.c ****   * @retval None 
 139:lib/chip/STM32F4xx_StdPeriph_Driver/src/stm32f4xx_syscfg.c ****   */
 140:lib/chip/STM32F4xx_StdPeriph_Driver/src/stm32f4xx_syscfg.c **** void SYSCFG_ETH_MediaInterfaceConfig(uint32_t SYSCFG_ETH_MediaInterface) 
 141:lib/chip/STM32F4xx_StdPeriph_Driver/src/stm32f4xx_syscfg.c **** { 
 299              		.loc 1 141 0
 300              		.cfi_startproc
 301              		@ args = 0, pretend = 0, frame = 8
 302              		@ frame_needed = 1, uses_anonymous_args = 0
 303 0000 80B5     		push	{r7, lr}
 304              	.LCFI8:
 305              		.cfi_def_cfa_offset 8
 306              		.cfi_offset 7, -8
 307              		.cfi_offset 14, -4
 308 0002 82B0     		sub	sp, sp, #8
 309              	.LCFI9:
 310              		.cfi_def_cfa_offset 16
 311 0004 00AF     		add	r7, sp, #0
 312              	.LCFI10:
 313              		.cfi_def_cfa_register 7
 314 0006 7860     		str	r0, [r7, #4]
 142:lib/chip/STM32F4xx_StdPeriph_Driver/src/stm32f4xx_syscfg.c ****   assert_param(IS_SYSCFG_ETH_MEDIA_INTERFACE(SYSCFG_ETH_MediaInterface)); 
 315              		.loc 1 142 0
 316 0008 7B68     		ldr	r3, [r7, #4]
 317 000a 002B     		cmp	r3, #0
 318 000c 09D0     		beq	.L8
 319              		.loc 1 142 0 is_stmt 0 discriminator 1
 320 000e 7B68     		ldr	r3, [r7, #4]
 321 0010 012B     		cmp	r3, #1
 322 0012 06D0     		beq	.L8
 323 0014 40F20000 		movw	r0, #:lower16:.LC0
 324 0018 C0F20000 		movt	r0, #:upper16:.LC0
 325 001c 8E21     		movs	r1, #142
 326 001e FFF7FEFF 		bl	assert_failed
 327              	.L8:
 143:lib/chip/STM32F4xx_StdPeriph_Driver/src/stm32f4xx_syscfg.c ****   /* Configure MII_RMII selection bit */ 
 144:lib/chip/STM32F4xx_StdPeriph_Driver/src/stm32f4xx_syscfg.c ****   *(__IO uint32_t *) PMC_MII_RMII_SEL_BB = SYSCFG_ETH_MediaInterface; 
 328              		.loc 1 144 0 is_stmt 1
 329 0022 DC23     		movs	r3, #220
 330 0024 C4F22723 		movt	r3, 16935
 331 0028 7A68     		ldr	r2, [r7, #4]
 332 002a 1A60     		str	r2, [r3]
 145:lib/chip/STM32F4xx_StdPeriph_Driver/src/stm32f4xx_syscfg.c **** }
 333              		.loc 1 145 0
 334 002c 0837     		adds	r7, r7, #8
 335 002e BD46     		mov	sp, r7
 336              		@ sp needed
 337 0030 80BD     		pop	{r7, pc}
 338              		.cfi_endproc
 339              	.LFE113:
 341 0032 00BF     		.section	.text.SYSCFG_CompensationCellCmd,"ax",%progbits
 342              		.align	2
 343              		.global	SYSCFG_CompensationCellCmd
 344              		.thumb
 345              		.thumb_func
 347              	SYSCFG_CompensationCellCmd:
 348              	.LFB114:
 146:lib/chip/STM32F4xx_StdPeriph_Driver/src/stm32f4xx_syscfg.c **** 
 147:lib/chip/STM32F4xx_StdPeriph_Driver/src/stm32f4xx_syscfg.c **** /**
 148:lib/chip/STM32F4xx_StdPeriph_Driver/src/stm32f4xx_syscfg.c ****   * @brief  Enables or disables the I/O Compensation Cell.
 149:lib/chip/STM32F4xx_StdPeriph_Driver/src/stm32f4xx_syscfg.c ****   * @note   The I/O compensation cell can be used only when the device supply
 150:lib/chip/STM32F4xx_StdPeriph_Driver/src/stm32f4xx_syscfg.c ****   *         voltage ranges from 2.4 to 3.6 V.  
 151:lib/chip/STM32F4xx_StdPeriph_Driver/src/stm32f4xx_syscfg.c ****   * @param  NewState: new state of the I/O Compensation Cell.
 152:lib/chip/STM32F4xx_StdPeriph_Driver/src/stm32f4xx_syscfg.c ****   *          This parameter can be one of the following values:
 153:lib/chip/STM32F4xx_StdPeriph_Driver/src/stm32f4xx_syscfg.c ****   *            @arg ENABLE: I/O compensation cell enabled  
 154:lib/chip/STM32F4xx_StdPeriph_Driver/src/stm32f4xx_syscfg.c ****   *            @arg DISABLE: I/O compensation cell power-down mode  
 155:lib/chip/STM32F4xx_StdPeriph_Driver/src/stm32f4xx_syscfg.c ****   * @retval None
 156:lib/chip/STM32F4xx_StdPeriph_Driver/src/stm32f4xx_syscfg.c ****   */
 157:lib/chip/STM32F4xx_StdPeriph_Driver/src/stm32f4xx_syscfg.c **** void SYSCFG_CompensationCellCmd(FunctionalState NewState)
 158:lib/chip/STM32F4xx_StdPeriph_Driver/src/stm32f4xx_syscfg.c **** {
 349              		.loc 1 158 0
 350              		.cfi_startproc
 351              		@ args = 0, pretend = 0, frame = 8
 352              		@ frame_needed = 1, uses_anonymous_args = 0
 353 0000 80B5     		push	{r7, lr}
 354              	.LCFI11:
 355              		.cfi_def_cfa_offset 8
 356              		.cfi_offset 7, -8
 357              		.cfi_offset 14, -4
 358 0002 82B0     		sub	sp, sp, #8
 359              	.LCFI12:
 360              		.cfi_def_cfa_offset 16
 361 0004 00AF     		add	r7, sp, #0
 362              	.LCFI13:
 363              		.cfi_def_cfa_register 7
 364 0006 0346     		mov	r3, r0
 365 0008 FB71     		strb	r3, [r7, #7]
 159:lib/chip/STM32F4xx_StdPeriph_Driver/src/stm32f4xx_syscfg.c ****   /* Check the parameters */
 160:lib/chip/STM32F4xx_StdPeriph_Driver/src/stm32f4xx_syscfg.c ****   assert_param(IS_FUNCTIONAL_STATE(NewState));
 366              		.loc 1 160 0
 367 000a FB79     		ldrb	r3, [r7, #7]	@ zero_extendqisi2
 368 000c 002B     		cmp	r3, #0
 369 000e 09D0     		beq	.L10
 370              		.loc 1 160 0 is_stmt 0 discriminator 1
 371 0010 FB79     		ldrb	r3, [r7, #7]	@ zero_extendqisi2
 372 0012 012B     		cmp	r3, #1
 373 0014 06D0     		beq	.L10
 374 0016 40F20000 		movw	r0, #:lower16:.LC0
 375 001a C0F20000 		movt	r0, #:upper16:.LC0
 376 001e A021     		movs	r1, #160
 377 0020 FFF7FEFF 		bl	assert_failed
 378              	.L10:
 161:lib/chip/STM32F4xx_StdPeriph_Driver/src/stm32f4xx_syscfg.c **** 
 162:lib/chip/STM32F4xx_StdPeriph_Driver/src/stm32f4xx_syscfg.c ****   *(__IO uint32_t *) CMPCR_CMP_PD_BB = (uint32_t)NewState;
 379              		.loc 1 162 0 is_stmt 1
 380 0024 4FF48063 		mov	r3, #1024
 381 0028 C4F22723 		movt	r3, 16935
 382 002c FA79     		ldrb	r2, [r7, #7]	@ zero_extendqisi2
 383 002e 1A60     		str	r2, [r3]
 163:lib/chip/STM32F4xx_StdPeriph_Driver/src/stm32f4xx_syscfg.c **** }
 384              		.loc 1 163 0
 385 0030 0837     		adds	r7, r7, #8
 386 0032 BD46     		mov	sp, r7
 387              		@ sp needed
 388 0034 80BD     		pop	{r7, pc}
 389              		.cfi_endproc
 390              	.LFE114:
 392 0036 00BF     		.section	.text.SYSCFG_GetCompensationCellStatus,"ax",%progbits
 393              		.align	2
 394              		.global	SYSCFG_GetCompensationCellStatus
 395              		.thumb
 396              		.thumb_func
 398              	SYSCFG_GetCompensationCellStatus:
 399              	.LFB115:
 164:lib/chip/STM32F4xx_StdPeriph_Driver/src/stm32f4xx_syscfg.c **** 
 165:lib/chip/STM32F4xx_StdPeriph_Driver/src/stm32f4xx_syscfg.c **** /**
 166:lib/chip/STM32F4xx_StdPeriph_Driver/src/stm32f4xx_syscfg.c ****   * @brief  Checks whether the I/O Compensation Cell ready flag is set or not.
 167:lib/chip/STM32F4xx_StdPeriph_Driver/src/stm32f4xx_syscfg.c ****   * @param  None
 168:lib/chip/STM32F4xx_StdPeriph_Driver/src/stm32f4xx_syscfg.c ****   * @retval The new state of the I/O Compensation Cell ready flag (SET or RESET)
 169:lib/chip/STM32F4xx_StdPeriph_Driver/src/stm32f4xx_syscfg.c ****   */
 170:lib/chip/STM32F4xx_StdPeriph_Driver/src/stm32f4xx_syscfg.c **** FlagStatus SYSCFG_GetCompensationCellStatus(void)
 171:lib/chip/STM32F4xx_StdPeriph_Driver/src/stm32f4xx_syscfg.c **** {
 400              		.loc 1 171 0
 401              		.cfi_startproc
 402              		@ args = 0, pretend = 0, frame = 8
 403              		@ frame_needed = 1, uses_anonymous_args = 0
 404              		@ link register save eliminated.
 405 0000 80B4     		push	{r7}
 406              	.LCFI14:
 407              		.cfi_def_cfa_offset 4
 408              		.cfi_offset 7, -4
 409 0002 83B0     		sub	sp, sp, #12
 410              	.LCFI15:
 411              		.cfi_def_cfa_offset 16
 412 0004 00AF     		add	r7, sp, #0
 413              	.LCFI16:
 414              		.cfi_def_cfa_register 7
 172:lib/chip/STM32F4xx_StdPeriph_Driver/src/stm32f4xx_syscfg.c ****   FlagStatus bitstatus = RESET;
 415              		.loc 1 172 0
 416 0006 0023     		movs	r3, #0
 417 0008 FB71     		strb	r3, [r7, #7]
 173:lib/chip/STM32F4xx_StdPeriph_Driver/src/stm32f4xx_syscfg.c ****     
 174:lib/chip/STM32F4xx_StdPeriph_Driver/src/stm32f4xx_syscfg.c ****   if ((SYSCFG->CMPCR & SYSCFG_CMPCR_READY ) != (uint32_t)RESET)
 418              		.loc 1 174 0
 419 000a 4FF46053 		mov	r3, #14336
 420 000e C4F20103 		movt	r3, 16385
 421 0012 1B6A     		ldr	r3, [r3, #32]
 422 0014 03F48073 		and	r3, r3, #256
 423 0018 002B     		cmp	r3, #0
 424 001a 02D0     		beq	.L12
 175:lib/chip/STM32F4xx_StdPeriph_Driver/src/stm32f4xx_syscfg.c ****   {
 176:lib/chip/STM32F4xx_StdPeriph_Driver/src/stm32f4xx_syscfg.c ****     bitstatus = SET;
 425              		.loc 1 176 0
 426 001c 0123     		movs	r3, #1
 427 001e FB71     		strb	r3, [r7, #7]
 428 0020 01E0     		b	.L13
 429              	.L12:
 177:lib/chip/STM32F4xx_StdPeriph_Driver/src/stm32f4xx_syscfg.c ****   }
 178:lib/chip/STM32F4xx_StdPeriph_Driver/src/stm32f4xx_syscfg.c ****   else
 179:lib/chip/STM32F4xx_StdPeriph_Driver/src/stm32f4xx_syscfg.c ****   {
 180:lib/chip/STM32F4xx_StdPeriph_Driver/src/stm32f4xx_syscfg.c ****     bitstatus = RESET;
 430              		.loc 1 180 0
 431 0022 0023     		movs	r3, #0
 432 0024 FB71     		strb	r3, [r7, #7]
 433              	.L13:
 181:lib/chip/STM32F4xx_StdPeriph_Driver/src/stm32f4xx_syscfg.c ****   }
 182:lib/chip/STM32F4xx_StdPeriph_Driver/src/stm32f4xx_syscfg.c ****   return bitstatus;
 434              		.loc 1 182 0
 435 0026 FB79     		ldrb	r3, [r7, #7]	@ zero_extendqisi2
 183:lib/chip/STM32F4xx_StdPeriph_Driver/src/stm32f4xx_syscfg.c **** }
 436              		.loc 1 183 0
 437 0028 1846     		mov	r0, r3
 438 002a 0C37     		adds	r7, r7, #12
 439 002c BD46     		mov	sp, r7
 440              		@ sp needed
 441 002e 5DF8047B 		ldr	r7, [sp], #4
 442 0032 7047     		bx	lr
 443              		.cfi_endproc
 444              	.LFE115:
 446              		.text
 447              	.Letext0:
 448              		.file 2 "/usr/include/newlib/machine/_default_types.h"
 449              		.file 3 "/usr/include/newlib/stdint.h"
 450              		.file 4 "lib/chip/CMSIS/ST/STM32F4xx/Include/stm32f4xx.h"
 451              		.file 5 "lib/chip/CMSIS/Include/core_cm4.h"
DEFINED SYMBOLS
                            *ABS*:00000000 stm32f4xx_syscfg.c
     /tmp/cczn5MAT.s:20     .text.SYSCFG_DeInit:00000000 $t
     /tmp/cczn5MAT.s:25     .text.SYSCFG_DeInit:00000000 SYSCFG_DeInit
     /tmp/cczn5MAT.s:54     .rodata:00000000 $d
     /tmp/cczn5MAT.s:55     .rodata:00000000 .LC0
     /tmp/cczn5MAT.s:59     .text.SYSCFG_MemoryRemapConfig:00000000 $t
     /tmp/cczn5MAT.s:64     .text.SYSCFG_MemoryRemapConfig:00000000 SYSCFG_MemoryRemapConfig
     /tmp/cczn5MAT.s:116    .text.SYSCFG_EXTILineConfig:00000000 $t
     /tmp/cczn5MAT.s:121    .text.SYSCFG_EXTILineConfig:00000000 SYSCFG_EXTILineConfig
     /tmp/cczn5MAT.s:292    .text.SYSCFG_ETH_MediaInterfaceConfig:00000000 $t
     /tmp/cczn5MAT.s:297    .text.SYSCFG_ETH_MediaInterfaceConfig:00000000 SYSCFG_ETH_MediaInterfaceConfig
     /tmp/cczn5MAT.s:342    .text.SYSCFG_CompensationCellCmd:00000000 $t
     /tmp/cczn5MAT.s:347    .text.SYSCFG_CompensationCellCmd:00000000 SYSCFG_CompensationCellCmd
     /tmp/cczn5MAT.s:393    .text.SYSCFG_GetCompensationCellStatus:00000000 $t
     /tmp/cczn5MAT.s:398    .text.SYSCFG_GetCompensationCellStatus:00000000 SYSCFG_GetCompensationCellStatus
                     .debug_frame:00000010 $d

UNDEFINED SYMBOLS
RCC_APB2PeriphResetCmd
assert_failed
